command:  'xtb interaction --opt'
date:     2025/01/15 at 17:23:20.795     
           -------------------------------------------------
          |                Property Printout                |
           -------------------------------------------------

    * Orbital Energies and Occupations

         #    Occupation            Energy/Eh            Energy/eV
      -------------------------------------------------------------
         1        2.0000           -0.6819344             -18.5564
       ...           ...                  ...                  ...
       121        2.0000           -0.4054690             -11.0334
       122        2.0000           -0.4038669             -10.9898
       123        2.0000           -0.3996440             -10.8749
       124        2.0000           -0.3982930             -10.8381
       125        2.0000           -0.3967883             -10.7972
       126        2.0000           -0.3946190             -10.7381
       127        2.0000           -0.3858642             -10.4999
       128        2.0000           -0.3765734             -10.2471
       129        2.0000           -0.3703447             -10.0776
       130        2.0000           -0.3644399              -9.9169
       131        2.0000           -0.3521746              -9.5832
       132        1.8275           -0.3342314              -9.0949
       133        1.1645           -0.3312473              -9.0137 (HOMO)
       134        0.0079           -0.3220301              -8.7629 (LUMO)
       135                         -0.2926344              -7.9630
       136                         -0.2724427              -7.4135
       137                         -0.2669495              -7.2641
       138                         -0.2514669              -6.8428
       139                         -0.2395672              -6.5190
       140                         -0.2367553              -6.4424
       141                         -0.2305058              -6.2724
       142                         -0.2231572              -6.0724
       143                         -0.2180320              -5.9330
       144                         -0.2116185              -5.7584
       ...                                ...                  ...
       261                          0.7505704              20.4241
      -------------------------------------------------------------
                  HL-Gap            0.0092172 Eh            0.2508 eV
             Fermi-level           -0.3296788 Eh           -8.9710 eV

     #   Z          covCN         q      C6AA      α(0)
     1   8 o        1.611    -0.565    24.358     6.661
     2   1 h        0.805     0.282     0.776     1.384
     3   1 h        0.805     0.282     0.777     1.384
     4   6 c        2.911    -0.034    28.851     8.808
     5   6 c        2.919    -0.042    29.046     8.838
     6   6 c        2.918    -0.039    28.970     8.826
     7   6 c        2.921    -0.038    28.946     8.823
     8   6 c        2.919    -0.034    28.856     8.809
     9   6 c        2.911    -0.034    28.855     8.808
    10   6 c        2.977     0.014    27.690     8.632
    11   6 c        2.980     0.016    27.652     8.626
    12   6 c        2.971     0.013    27.721     8.636
    13   6 c        2.973     0.016    27.646     8.625
    14   6 c        2.987     0.015    27.670     8.629
    15   6 c        2.970     0.014    27.703     8.633
    16   6 c        2.996    -0.000    28.029     8.685
    17   6 c        2.975     0.014    27.708     8.634
    18   6 c        2.998     0.001    27.992     8.679
    19   6 c        2.910    -0.029    28.714     8.787
    20   6 c        2.919    -0.033    28.828     8.805
    21   6 c        2.921    -0.047    29.178     8.858
    22   6 c        2.974     0.012    27.748     8.641
    23   6 c        2.975    -0.006    28.156     8.704
    24   6 c        2.975     0.010    27.782     8.646
    25   6 c        2.928    -0.042    29.033     8.836
    26   1 h        0.926     0.032     2.552     2.498
    27   6 c        2.981     0.015    27.671     8.629
    28   6 c        2.979    -0.032    28.800     8.803
    29   6 c        2.988     0.003    27.951     8.672
    30   6 c        2.995     0.002    27.977     8.677
    31   6 c        2.975     0.013    27.715     8.636
    32   6 c        2.920    -0.045    29.118     8.849
    33   6 c        2.920    -0.041    29.009     8.832
    34   6 c        2.975     0.014    27.699     8.633
    35   6 c        2.989     0.002    27.979     8.677
    36   6 c        2.984     0.007    27.862     8.659
    37   6 c        3.833    -0.082    22.041     6.680
    38   6 c        2.978     0.014    27.702     8.634
    39   6 c        2.839     0.218    23.417     7.930
    40   6 c        2.970    -0.032    28.790     8.801
    41   6 c        2.991     0.002    27.967     8.675
    42   6 c        2.988    -0.009    28.227     8.715
    43   6 c        2.972     0.012    27.732     8.638
    44   6 c        2.920    -0.047    29.162     8.856
    45   6 c        2.919    -0.032    28.796     8.800
    46   6 c        2.909    -0.028    28.700     8.784
    47   6 c        2.994    -0.001    28.033     8.685
    48   6 c        2.974     0.014    27.693     8.632
    49   6 c        2.990     0.002    27.971     8.676
    50   6 c        2.972     0.012    27.738     8.639
    51   6 c        2.980     0.007    27.853     8.657
    52   6 c        2.974     0.013    27.726     8.637
    53   6 c        2.990     0.004    27.930     8.669
    54   6 c        2.974     0.013    27.712     8.635
    55   6 c        2.974     0.014    27.685     8.631
    56   6 c        2.912    -0.035    28.861     8.809
    57   6 c        2.920    -0.032    28.793     8.799
    58   6 c        2.919    -0.040    28.983     8.828
    59   6 c        2.919    -0.048    29.189     8.860
    60   6 c        2.919    -0.041    29.019     8.834
    61   6 c        2.911    -0.035    28.862     8.809
    62   1 h        0.926     0.033     2.539     2.492
    63   1 h        0.926     0.032     2.554     2.499
    64   1 h        0.926     0.031     2.572     2.508
    65   1 h        0.926     0.032     2.564     2.504
    66   1 h        0.926     0.032     2.557     2.501
    67   1 h        0.925     0.033     2.547     2.496
    68   1 h        0.926     0.034     2.528     2.486
    69   1 h        0.926     0.034     2.531     2.488
    70   1 h        0.926     0.032     2.557     2.501
    71   1 h        0.925     0.033     2.539     2.492
    72   1 h        0.926     0.035     2.515     2.480
    73   1 h        0.925     0.035     2.517     2.481
    74   1 h        0.926     0.033     2.548     2.496
    75   1 h        0.926     0.034     2.532     2.488
    76   1 h        0.925     0.034     2.531     2.488
    77   1 h        0.925     0.032     2.552     2.498
    78   1 h        0.925     0.033     2.541     2.493
    79   1 h        0.926     0.032     2.564     2.504
    80   1 h        0.926     0.032     2.560     2.502
    81   1 h        0.927     0.047     2.358     2.401
    82   1 h        0.924     0.053     2.279     2.361
    83   8 o        0.858    -0.435    22.391     6.344
    84   1 h        0.925     0.126     1.562     1.954

 Mol. C6AA /au·bohr⁶  :     122115.482716
 Mol. C8AA /au·bohr⁸  :    3235605.589188
 Mol. α(0) /au        :        566.728794


Wiberg/Mayer (AO) data.
largest (>0.10) Wiberg bond orders for each atom

 ---------------------------------------------------------------------------
     #   Z sym  total        # sym  WBO       # sym  WBO       # sym  WBO
 ---------------------------------------------------------------------------
     1   8 o    1.840 --     3 h    0.920     2 h    0.920
     2   1 h    0.920 --     1 o    0.920
     3   1 h    0.920 --     1 o    0.920
     4   6 c    3.973 --     9 c    1.693    11 c    1.167    70 h    0.967
     5   6 c    3.907 --    11 c    1.445    13 c    1.273    71 h    0.966
     6   6 c    3.820 --    13 c    1.359    15 c    1.291    72 h    0.966
     7   6 c    3.820 --    15 c    1.367    17 c    1.302    73 h    0.966
     8   6 c    3.848 --    19 c    1.446    17 c    1.299    74 h    0.969
     9   6 c    3.974 --     4 c    1.693    10 c    1.165    66 h    0.967
    10   6 c    3.978 --    21 c    1.450    23 c    1.203     9 c    1.165
    11   6 c    3.977 --     5 c    1.445    12 c    1.201     4 c    1.167
    12   6 c    3.939 --    25 c    1.340    11 c    1.201    23 c    1.200
    13   6 c    3.978 --     6 c    1.359     5 c    1.273    14 c    1.186
    14   6 c    3.951 --    25 c    1.404    13 c    1.186    27 c    1.155
    15   6 c    3.984 --     7 c    1.367     6 c    1.291    16 c    1.166
    16   6 c    3.951 --    27 c    1.314    29 c    1.244    15 c    1.166
    17   6 c    3.984 --     7 c    1.302     8 c    1.299    18 c    1.222
    18   6 c    3.946 --    29 c    1.266    31 c    1.228    17 c    1.222
    19   6 c    3.984 --    20 c    1.447     8 c    1.446    80 h    0.970
    20   6 c    3.845 --    19 c    1.447    31 c    1.297    62 h    0.969
    21   6 c    3.915 --    10 c    1.450    22 c    1.279    67 h    0.966
    22   6 c    3.983 --    33 c    1.355    21 c    1.279    35 c    1.186
    23   6 c    3.945 --    24 c    1.328    10 c    1.203    12 c    1.200
    24   6 c    3.963 --    35 c    1.353    23 c    1.328    37 c    1.033
    25   6 c    3.953 --    14 c    1.404    12 c    1.340    81 h    0.947
    26   1 h    0.998 --    46 c    0.970
    27   6 c    3.971 --    16 c    1.314    28 c    1.269    14 c    1.155
    28   6 c    3.925 --    41 c    1.276    27 c    1.269    39 c    1.078
    29   6 c    3.985 --    18 c    1.266    30 c    1.255    16 c    1.244
    30   6 c    3.959 --    41 c    1.278    29 c    1.255    43 c    1.190
    31   6 c    3.985 --    20 c    1.297    32 c    1.297    18 c    1.228
    32   6 c    3.809 --    43 c    1.380    31 c    1.297    63 h    0.967
    33   6 c    3.855 --    22 c    1.355    34 c    1.334    68 h    0.966
    34   6 c    3.981 --    33 c    1.334    45 c    1.288    47 c    1.197
    35   6 c    3.958 --    24 c    1.353    36 c    1.205    22 c    1.186
    36   6 c    3.970 --    47 c    1.352    35 c    1.205    49 c    1.178
    37   6 c    3.986 --    24 c    1.033    38 c    1.026    82 h    0.917
                            84 h    0.873
    38   6 c    3.960 --    49 c    1.418    51 c    1.265    37 c    1.026
    39   6 c    3.916 --    83 o    1.641    28 c    1.078    40 c    1.058
    40   6 c    3.921 --    51 c    1.292    53 c    1.291    39 c    1.058
    41   6 c    3.976 --    30 c    1.278    28 c    1.276    42 c    1.198
    42   6 c    3.894 --    53 c    1.276    55 c    1.220    41 c    1.198
    43   6 c    3.985 --    32 c    1.380    44 c    1.255    30 c    1.190
    44   6 c    3.834 --    55 c    1.436    43 c    1.255    64 h    0.967
    45   6 c    3.847 --    46 c    1.459    34 c    1.288    69 h    0.969
    46   6 c    3.975 --    45 c    1.459    57 c    1.428    26 h    0.970
    47   6 c    3.971 --    36 c    1.352    34 c    1.197    48 c    1.189
    48   6 c    3.980 --    58 c    1.316    57 c    1.313    47 c    1.189
    49   6 c    3.965 --    38 c    1.418    36 c    1.178    50 c    1.160
    50   6 c    3.982 --    58 c    1.362    59 c    1.301    49 c    1.160
    51   6 c    3.955 --    40 c    1.292    38 c    1.265    52 c    1.175
    52   6 c    3.978 --    59 c    1.393    60 c    1.251    51 c    1.175
    53   6 c    3.953 --    40 c    1.291    42 c    1.276    54 c    1.169
    54   6 c    3.975 --    60 c    1.479    53 c    1.169    61 c    1.168
    55   6 c    3.979 --    44 c    1.436    42 c    1.220    56 c    1.163
    56   6 c    3.967 --    61 c    1.694    55 c    1.163    65 h    0.968
    57   6 c    3.840 --    46 c    1.428    48 c    1.313    75 h    0.969
    58   6 c    3.815 --    50 c    1.362    48 c    1.316    76 h    0.966
    59   6 c    3.858 --    52 c    1.393    50 c    1.301    77 h    0.966
    60   6 c    3.905 --    54 c    1.479    52 c    1.251    78 h    0.966
    61   6 c    3.973 --    56 c    1.694    54 c    1.168    79 h    0.967
    62   1 h    0.998 --    20 c    0.969
    63   1 h    0.998 --    32 c    0.967
    64   1 h    0.998 --    44 c    0.967
    65   1 h    0.997 --    56 c    0.968
    66   1 h    0.997 --     9 c    0.967
    67   1 h    0.997 --    21 c    0.966
    68   1 h    0.997 --    33 c    0.966
    69   1 h    0.998 --    45 c    0.969
    70   1 h    0.997 --     4 c    0.967
    71   1 h    0.997 --     5 c    0.966
    72   1 h    0.997 --     6 c    0.966
    73   1 h    0.997 --     7 c    0.966
    74   1 h    0.998 --     8 c    0.969
    75   1 h    0.998 --    57 c    0.969
    76   1 h    0.997 --    58 c    0.966
    77   1 h    0.997 --    59 c    0.966
    78   1 h    0.997 --    60 c    0.966
    79   1 h    0.997 --    61 c    0.967
    80   1 h    0.998 --    19 c    0.970
    81   1 h    0.997 --    25 c    0.947
    82   1 h    0.992 --    37 c    0.917
    83   8 o    1.961 --    39 c    1.641
    84   1 h    0.980 --    37 c    0.873
 ---------------------------------------------------------------------------

Topologies differ in total number of bonds
Writing topology from bond orders to xtbtopo.mol

molecular dipole:
                 x           y           z       tot (Debye)
 q only:       -0.347       0.129      -0.953
   full:       -0.545       0.473      -0.886       2.903
molecular quadrupole (traceless):
                xx          xy          yy          xz          yz          zz
 q only:       42.666     -11.596      21.691      -8.710     -24.434     -64.357
  q+dip:       57.408     -12.400      38.671     -10.152     -20.712     -96.080
   full:       46.109     -11.550      28.623      -9.197     -18.914     -74.732

           -------------------------------------------------
          |                Geometry Summary                 |
           -------------------------------------------------

      molecular mass/u    :      741.8092749
   center of mass at/Å    :        3.5808488       5.5651209       9.7755423
  moments of inertia/u·Å² :        0.8124860E+04   0.1633060E+05   0.2146266E+05
rotational constants/cm⁻¹ :        0.2074821E-02   0.1032273E-02   0.7854399E-03

 * 91 selected distances

     #   Z          #   Z                                           value/Å
     1   8 o        2   1 h                                       0.9591050
     1   8 o        3   1 h                                       0.9591041 (min)
     4   6 c        9   6 c                                       1.3481672
     5   6 c       11   6 c                                       1.3868072
    11   6 c       12   6 c                                       1.4338886
     5   6 c       13   6 c                                       1.4135965
     6   6 c       13   6 c                                       1.3958630
    13   6 c       14   6 c                                       1.4256018
     6   6 c       15   6 c                                       1.4112600
     7   6 c       15   6 c                                       1.3940642
     7   6 c       17   6 c                                       1.4061631
     8   6 c       17   6 c                                       1.4061556
    17   6 c       18   6 c                                       1.4231168
     8   6 c       19   6 c                                       1.3823456
    19   6 c       20   6 c                                       1.3820685
    10   6 c       21   6 c                                       1.3830988
    21   6 c       22   6 c                                       1.4108056
    10   6 c       23   6 c                                       1.4312600
    23   6 c       24   6 c                                       1.4094020
    12   6 c       25   6 c                                       1.4025810
    14   6 c       25   6 c                                       1.3840516
    16   6 c       27   6 c                                       1.4010420
    27   6 c       28   6 c                                       1.4175522
    16   6 c       29   6 c                                       1.4164598
    18   6 c       29   6 c                                       1.4099532
    29   6 c       30   6 c                                       1.4152388
    18   6 c       31   6 c                                       1.4216525
    20   6 c       31   6 c                                       1.4065784
    31   6 c       32   6 c                                       1.4066107
    22   6 c       33   6 c                                       1.3946892
    33   6 c       34   6 c                                       1.4001390
    22   6 c       35   6 c                                       1.4283931
    24   6 c       35   6 c                                       1.3931307
    35   6 c       36   6 c                                       1.4311059
    24   6 c       37   6 c                                       1.4730494
    37   6 c       38   6 c                                       1.4747403 (max)
    28   6 c       41   6 c                                       1.4071519
    30   6 c       41   6 c                                       1.4078030
    41   6 c       42   6 c                                       1.4267134
    30   6 c       43   6 c                                       1.4284696
    32   6 c       43   6 c                                       1.3912698
    43   6 c       44   6 c                                       1.4150400
    34   6 c       45   6 c                                       1.4082951
    26   1 h       46   6 c                                       1.0805672
    45   6 c       46   6 c                                       1.3797151
    34   6 c       47   6 c                                       1.4303526
    36   6 c       47   6 c                                       1.3964819
    47   6 c       48   6 c                                       1.4326531
    36   6 c       49   6 c                                       1.4355453
    38   6 c       49   6 c                                       1.3779442
    49   6 c       50   6 c                                       1.4344806
    38   6 c       51   6 c                                       1.4162245
    40   6 c       51   6 c                                       1.4190852
    40   6 c       53   6 c                                       1.4099521
    42   6 c       53   6 c                                       1.4122803
    53   6 c       54   6 c                                       1.4347897
    42   6 c       55   6 c                                       1.4221496
    44   6 c       55   6 c                                       1.3828406
    46   6 c       57   6 c                                       1.3844489
    48   6 c       57   6 c                                       1.4036632
    48   6 c       58   6 c                                       1.4038938
    50   6 c       58   6 c                                       1.3935221
    50   6 c       59   6 c                                       1.4080319
    52   6 c       59   6 c                                       1.3928753
    52   6 c       60   6 c                                       1.4166010
    54   6 c       60   6 c                                       1.3767939
    54   6 c       61   6 c                                       1.4339830
    56   6 c       61   6 c                                       1.3486868
    20   6 c       62   1 h                                       1.0803454
    32   6 c       63   1 h                                       1.0810662
    44   6 c       64   1 h                                       1.0811669
    56   6 c       65   1 h                                       1.0810003
     9   6 c       66   1 h                                       1.0809911
    21   6 c       67   1 h                                       1.0814563
    33   6 c       68   1 h                                       1.0812076
    45   6 c       69   1 h                                       1.0803866
     4   6 c       70   1 h                                       1.0810305
     5   6 c       71   1 h                                       1.0816922
     6   6 c       72   1 h                                       1.0810257
     7   6 c       73   1 h                                       1.0813401
     8   6 c       74   1 h                                       1.0802770
    57   6 c       75   1 h                                       1.0804677
    58   6 c       76   1 h                                       1.0812628
    59   6 c       77   1 h                                       1.0814032
    60   6 c       78   1 h                                       1.0816178
    61   6 c       79   1 h                                       1.0811276
    19   6 c       80   1 h                                       1.0806170
    25   6 c       81   1 h                                       1.0690145
    37   6 c       82   1 h                                       1.0944998
    39   6 c       83   8 o                                       1.2331825
    37   6 c       84   1 h                                       1.0877835

 * 4 distinct bonds (by element types)

   Z      Z             #   av. dist./Å        max./Å        min./Å
   1 H    6 C          23     1.0813629     1.0944998     1.0690145
   6 C    6 C          65     1.4084980     1.4747403     1.3481672
   1 H    8 O           2     0.9591046     0.9591050     0.9591041
   6 C    8 O           1     1.2331825     1.2331825     1.2331825


           -------------------------------------------------
          | TOTAL ENERGY             -143.061214815561 Eh   |
          | GRADIENT NORM               0.000247209457 Eh/α |
          | HOMO-LUMO GAP               0.250812631579 eV   |
           -------------------------------------------------
