command:  'xtb defect --opt'
date:     2025/01/15 at 17:23:08.488     
           -------------------------------------------------
          |                Property Printout                |
           -------------------------------------------------

    * Orbital Energies and Occupations

         #    Occupation            Energy/Eh            Energy/eV
      -------------------------------------------------------------
         1        2.0000           -0.6609232             -17.9846
       ...           ...                  ...                  ...
       114        2.0000           -0.4075304             -11.0895
       115        2.0000           -0.4059700             -11.0470
       116        2.0000           -0.4018564             -10.9351
       117        2.0000           -0.4006068             -10.9011
       118        2.0000           -0.3956461             -10.7661
       119        2.0000           -0.3942238             -10.7274
       120        2.0000           -0.3918908             -10.6639
       121        2.0000           -0.3883035             -10.5663
       122        2.0000           -0.3849701             -10.4756
       123        2.0000           -0.3844840             -10.4623
       124        2.0000           -0.3676043             -10.0030
       125        2.0000           -0.3444508              -9.3730
       126        1.9948           -0.3297485              -8.9729 (HOMO)
       127        0.0052           -0.3184256              -8.6648 (LUMO)
       128                         -0.3023083              -8.2262
       129                         -0.2752664              -7.4904
       130                         -0.2530133              -6.8848
       131                         -0.2518169              -6.8523
       132                         -0.2405437              -6.5455
       133                         -0.2370288              -6.4499
       134                         -0.2306043              -6.2751
       135                         -0.2231518              -6.0723
       136                         -0.2200480              -5.9878
       137                         -0.2139056              -5.8207
       ...                                ...                  ...
       252                          0.7777770              21.1644
      -------------------------------------------------------------
                  HL-Gap            0.0113229 Eh            0.3081 eV
             Fermi-level           -0.3240871 Eh           -8.8189 eV

     #   Z          covCN         q      C6AA      α(0)
     1   6 c        2.912    -0.035    28.875     8.811
     2   6 c        2.921    -0.044    29.081     8.843
     3   6 c        2.922    -0.044    29.101     8.846
     4   6 c        2.922    -0.045    29.108     8.847
     5   6 c        2.919    -0.037    28.921     8.819
     6   6 c        2.912    -0.035    28.875     8.811
     7   6 c        2.975     0.012    27.751     8.641
     8   6 c        2.975     0.012    27.749     8.641
     9   6 c        2.992     0.001    27.988     8.678
    10   6 c        2.973     0.011    27.759     8.642
    11   6 c        2.993    -0.000    28.022     8.684
    12   6 c        2.973     0.011    27.755     8.642
    13   6 c        2.994    -0.000    28.028     8.684
    14   6 c        2.976     0.013    27.724     8.637
    15   6 c        2.998     0.001    27.988     8.678
    16   6 c        2.910    -0.029    28.714     8.787
    17   6 c        2.920    -0.037    28.920     8.819
    18   6 c        2.921    -0.043    29.077     8.843
    19   6 c        2.973     0.011    27.765     8.643
    20   6 c        2.992     0.001    27.987     8.678
    21   6 c        2.989     0.000    28.018     8.683
    22   6 c        2.989     0.000    28.019     8.683
    23   6 c        2.991    -0.001    28.044     8.687
    24   6 c        2.989     0.000    28.008     8.681
    25   6 c        2.991    -0.001    28.053     8.688
    26   6 c        2.988     0.002    27.984     8.678
    27   6 c        2.994    -0.001    28.031     8.685
    28   6 c        2.976     0.013    27.729     8.638
    29   6 c        2.922    -0.044    29.095     8.846
    30   6 c        2.922    -0.044    29.095     8.846
    31   6 c        2.976     0.013    27.729     8.638
    32   6 c        2.994    -0.001    28.031     8.685
    33   6 c        2.988     0.002    27.984     8.678
    34   6 c        2.991    -0.001    28.053     8.688
    35   6 c        2.989     0.000    28.008     8.681
    36   6 c        2.991    -0.001    28.044     8.687
    37   6 c        2.989     0.000    28.019     8.683
    38   6 c        2.989     0.000    28.018     8.683
    39   6 c        2.992     0.001    27.987     8.678
    40   6 c        2.973     0.011    27.765     8.643
    41   6 c        2.921    -0.043    29.077     8.843
    42   6 c        2.920    -0.037    28.920     8.819
    43   6 c        2.910    -0.029    28.714     8.787
    44   6 c        2.998     0.001    27.988     8.678
    45   6 c        2.976     0.013    27.724     8.637
    46   6 c        2.994    -0.000    28.028     8.684
    47   6 c        2.973     0.011    27.755     8.642
    48   6 c        2.993    -0.000    28.022     8.684
    49   6 c        2.973     0.011    27.759     8.642
    50   6 c        2.992     0.001    27.988     8.678
    51   6 c        2.975     0.012    27.749     8.641
    52   6 c        2.975     0.012    27.751     8.641
    53   6 c        2.912    -0.035    28.875     8.811
    54   6 c        2.919    -0.037    28.921     8.819
    55   6 c        2.922    -0.045    29.108     8.847
    56   6 c        2.922    -0.044    29.101     8.846
    57   6 c        2.921    -0.044    29.081     8.843
    58   6 c        2.912    -0.035    28.875     8.811
    59   1 h        0.926     0.030     2.581     2.512
    60   1 h        0.926     0.031     2.568     2.506
    61   1 h        0.925     0.031     2.569     2.506
    62   1 h        0.926     0.031     2.577     2.510
    63   1 h        0.926     0.031     2.577     2.510
    64   1 h        0.925     0.031     2.569     2.506
    65   1 h        0.926     0.031     2.568     2.506
    66   1 h        0.926     0.030     2.581     2.512
    67   1 h        0.926     0.031     2.577     2.510
    68   1 h        0.925     0.031     2.569     2.507
    69   1 h        0.926     0.031     2.569     2.507
    70   1 h        0.926     0.031     2.568     2.506
    71   1 h        0.926     0.030     2.580     2.512
    72   1 h        0.926     0.030     2.580     2.512
    73   1 h        0.926     0.031     2.568     2.506
    74   1 h        0.926     0.031     2.569     2.507
    75   1 h        0.925     0.031     2.569     2.507
    76   1 h        0.926     0.031     2.577     2.510
    77   1 h        0.926     0.029     2.594     2.519
    78   1 h        0.926     0.029     2.594     2.519

 Mol. C6AA /au·bohr⁶  :     115934.333341
 Mol. C8AA /au·bohr⁸  :    3133535.219978
 Mol. α(0) /au        :        556.077190


Wiberg/Mayer (AO) data.
largest (>0.10) Wiberg bond orders for each atom

 ---------------------------------------------------------------------------
     #   Z sym  total        # sym  WBO       # sym  WBO       # sym  WBO
 ---------------------------------------------------------------------------
     1   6 c    3.971 --     6 c    1.695     8 c    1.166    67 h    0.967
     2   6 c    3.881 --     8 c    1.485    10 c    1.240    68 h    0.966
     3   6 c    3.821 --    10 c    1.406    12 c    1.281    69 h    0.967
     4   6 c    3.802 --    12 c    1.360    14 c    1.315    70 h    0.967
     5   6 c    3.843 --    16 c    1.455    14 c    1.290    71 h    0.970
     6   6 c    3.970 --     1 c    1.695     7 c    1.165    63 h    0.967
     7   6 c    3.980 --    18 c    1.483    20 c    1.176     6 c    1.165
     8   6 c    3.977 --     2 c    1.485     9 c    1.173     1 c    1.166
     9   6 c    3.951 --    20 c    1.338    22 c    1.230     8 c    1.173
    10   6 c    3.981 --     3 c    1.406     2 c    1.240    11 c    1.180
    11   6 c    3.947 --    22 c    1.304    24 c    1.244    10 c    1.180
    12   6 c    3.985 --     4 c    1.360     3 c    1.281    13 c    1.186
    13   6 c    3.945 --    24 c    1.292    26 c    1.247    12 c    1.186
    14   6 c    3.986 --     4 c    1.315     5 c    1.290    15 c    1.219
    15   6 c    3.947 --    26 c    1.280    28 c    1.226    14 c    1.219
    16   6 c    3.985 --     5 c    1.455    17 c    1.438    77 h    0.970
    17   6 c    3.838 --    16 c    1.438    28 c    1.304    59 h    0.970
    18   6 c    3.876 --     7 c    1.483    19 c    1.240    64 h    0.966
    19   6 c    3.986 --    30 c    1.396    18 c    1.240    32 c    1.190
    20   6 c    3.945 --     9 c    1.338    21 c    1.225     7 c    1.176
    21   6 c    3.976 --    32 c    1.299    34 c    1.232    20 c    1.225
    22   6 c    3.968 --    11 c    1.304     9 c    1.230    23 c    1.220
    23   6 c    3.974 --    34 c    1.289    36 c    1.238    22 c    1.220
    24   6 c    3.980 --    13 c    1.292    11 c    1.244    25 c    1.222
    25   6 c    3.964 --    36 c    1.289    38 c    1.232    24 c    1.222
    26   6 c    3.986 --    15 c    1.280    13 c    1.247    27 c    1.239
    27   6 c    3.945 --    38 c    1.299    26 c    1.239    40 c    1.190
    28   6 c    3.986 --    17 c    1.304    29 c    1.293    15 c    1.226
    29   6 c    3.820 --    40 c    1.396    28 c    1.293    60 h    0.967
    30   6 c    3.820 --    19 c    1.396    31 c    1.293    65 h    0.967
    31   6 c    3.986 --    42 c    1.304    30 c    1.293    44 c    1.226
    32   6 c    3.945 --    21 c    1.299    33 c    1.239    19 c    1.190
    33   6 c    3.986 --    44 c    1.280    46 c    1.247    32 c    1.239
    34   6 c    3.964 --    23 c    1.289    21 c    1.232    35 c    1.222
    35   6 c    3.980 --    46 c    1.292    48 c    1.244    34 c    1.222
    36   6 c    3.974 --    25 c    1.289    23 c    1.238    37 c    1.220
    37   6 c    3.968 --    48 c    1.304    50 c    1.230    36 c    1.220
    38   6 c    3.976 --    27 c    1.299    25 c    1.232    39 c    1.225
    39   6 c    3.945 --    50 c    1.338    38 c    1.225    52 c    1.176
    40   6 c    3.986 --    29 c    1.396    41 c    1.240    27 c    1.190
    41   6 c    3.876 --    52 c    1.483    40 c    1.240    61 h    0.966
    42   6 c    3.838 --    43 c    1.438    31 c    1.304    66 h    0.970
    43   6 c    3.985 --    54 c    1.455    42 c    1.438    78 h    0.970
    44   6 c    3.947 --    33 c    1.280    31 c    1.226    45 c    1.219
    45   6 c    3.986 --    55 c    1.315    54 c    1.290    44 c    1.219
    46   6 c    3.945 --    35 c    1.292    33 c    1.247    47 c    1.186
    47   6 c    3.985 --    55 c    1.360    56 c    1.281    46 c    1.186
    48   6 c    3.947 --    37 c    1.304    35 c    1.244    49 c    1.180
    49   6 c    3.981 --    56 c    1.406    57 c    1.240    48 c    1.180
    50   6 c    3.951 --    39 c    1.338    37 c    1.230    51 c    1.173
    51   6 c    3.977 --    57 c    1.485    50 c    1.173    58 c    1.166
    52   6 c    3.980 --    41 c    1.483    39 c    1.176    53 c    1.165
    53   6 c    3.970 --    58 c    1.695    52 c    1.165    62 h    0.967
    54   6 c    3.843 --    43 c    1.455    45 c    1.290    72 h    0.970
    55   6 c    3.802 --    47 c    1.360    45 c    1.315    73 h    0.967
    56   6 c    3.821 --    49 c    1.406    47 c    1.281    74 h    0.967
    57   6 c    3.881 --    51 c    1.485    49 c    1.240    75 h    0.966
    58   6 c    3.971 --    53 c    1.695    51 c    1.166    76 h    0.967
    59   1 h    0.998 --    17 c    0.970
    60   1 h    0.998 --    29 c    0.967
    61   1 h    0.998 --    41 c    0.966
    62   1 h    0.998 --    53 c    0.967
    63   1 h    0.998 --     6 c    0.967
    64   1 h    0.998 --    18 c    0.966
    65   1 h    0.998 --    30 c    0.967
    66   1 h    0.998 --    42 c    0.970
    67   1 h    0.998 --     1 c    0.967
    68   1 h    0.998 --     2 c    0.966
    69   1 h    0.998 --     3 c    0.967
    70   1 h    0.998 --     4 c    0.967
    71   1 h    0.998 --     5 c    0.970
    72   1 h    0.998 --    54 c    0.970
    73   1 h    0.998 --    55 c    0.967
    74   1 h    0.998 --    56 c    0.967
    75   1 h    0.998 --    57 c    0.966
    76   1 h    0.998 --    58 c    0.967
    77   1 h    0.998 --    16 c    0.970
    78   1 h    0.998 --    43 c    0.970
 ---------------------------------------------------------------------------

Topologies differ in total number of bonds
Writing topology from bond orders to xtbtopo.mol

molecular dipole:
                 x           y           z       tot (Debye)
 q only:        0.000      -0.000      -0.000
   full:        0.000      -0.000      -0.000       0.000
molecular quadrupole (traceless):
                xx          xy          yy          xz          yz          zz
 q only:        5.449      -0.003       6.456       0.000      -0.001     -11.906
  q+dip:       21.965      -0.943      21.958       0.000      -0.000     -43.923
   full:        9.958      -0.108      10.803       0.000      -0.000     -20.761

           -------------------------------------------------
          |                Geometry Summary                 |
           -------------------------------------------------

      molecular mass/u    :      716.7814972
   center of mass at/Å    :        3.6899997       5.6811269       9.9999997
  moments of inertia/u·Å² :        0.5406972E+04   0.1475106E+05   0.2015803E+05
rotational constants/cm⁻¹ :        0.3117758E-02   0.1142808E-02   0.8362739E-03

 * 95 selected distances

     #   Z          #   Z                                           value/Å
     1   6 c        6   6 c                                       1.3478397
     1   6 c        8   6 c                                       1.4339982 (max)
     2   6 c        8   6 c                                       1.3740008
     8   6 c        9   6 c                                       1.4328699
     2   6 c       10   6 c                                       1.4170246
     3   6 c       10   6 c                                       1.3861183
    10   6 c       11   6 c                                       1.4312037
     3   6 c       12   6 c                                       1.4088309
     4   6 c       12   6 c                                       1.3937999
    12   6 c       13   6 c                                       1.4300149
     4   6 c       14   6 c                                       1.4022367
     5   6 c       14   6 c                                       1.4076502
    14   6 c       15   6 c                                       1.4237442
     5   6 c       16   6 c                                       1.3804420
    16   6 c       17   6 c                                       1.3830337
     7   6 c       18   6 c                                       1.3742493
    18   6 c       19   6 c                                       1.4169781
     7   6 c       20   6 c                                       1.4320952
     9   6 c       20   6 c                                       1.3976849
    20   6 c       21   6 c                                       1.4199871
     9   6 c       22   6 c                                       1.4187369
    11   6 c       22   6 c                                       1.4033350
    22   6 c       23   6 c                                       1.4204537
    11   6 c       24   6 c                                       1.4156202
    13   6 c       24   6 c                                       1.4055894
    24   6 c       25   6 c                                       1.4201625
    13   6 c       26   6 c                                       1.4153761
    15   6 c       26   6 c                                       1.4087367
    26   6 c       27   6 c                                       1.4173594
    15   6 c       28   6 c                                       1.4221800
    17   6 c       28   6 c                                       1.4049326
    28   6 c       29   6 c                                       1.4064463
    19   6 c       30   6 c                                       1.3877469
    30   6 c       31   6 c                                       1.4064446
    19   6 c       32   6 c                                       1.4289299
    21   6 c       32   6 c                                       1.4042607
    32   6 c       33   6 c                                       1.4173591
    21   6 c       34   6 c                                       1.4176932
    23   6 c       34   6 c                                       1.4055543
    34   6 c       35   6 c                                       1.4201627
    23   6 c       36   6 c                                       1.4160425
    25   6 c       36   6 c                                       1.4055548
    36   6 c       37   6 c                                       1.4204542
    25   6 c       38   6 c                                       1.4176948
    27   6 c       38   6 c                                       1.4042603
    38   6 c       39   6 c                                       1.4199871
    27   6 c       40   6 c                                       1.4289309
    29   6 c       40   6 c                                       1.3877491
    40   6 c       41   6 c                                       1.4169757
    31   6 c       42   6 c                                       1.4049327
    42   6 c       43   6 c                                       1.3830332
    31   6 c       44   6 c                                       1.4221779
    33   6 c       44   6 c                                       1.4087358
    44   6 c       45   6 c                                       1.4237468
    33   6 c       46   6 c                                       1.4153731
    35   6 c       46   6 c                                       1.4055879
    46   6 c       47   6 c                                       1.4300150
    35   6 c       48   6 c                                       1.4156190
    37   6 c       48   6 c                                       1.4033352
    48   6 c       49   6 c                                       1.4312029
    37   6 c       50   6 c                                       1.4187376
    39   6 c       50   6 c                                       1.3976835
    50   6 c       51   6 c                                       1.4328731
    39   6 c       52   6 c                                       1.4321014
    41   6 c       52   6 c                                       1.3742497
    43   6 c       54   6 c                                       1.3804457
    45   6 c       54   6 c                                       1.4076478
    45   6 c       55   6 c                                       1.4022324
    47   6 c       55   6 c                                       1.3937999
    47   6 c       56   6 c                                       1.4088254
    49   6 c       56   6 c                                       1.3861179
    49   6 c       57   6 c                                       1.4170216
    51   6 c       57   6 c                                       1.3740035
    51   6 c       58   6 c                                       1.4339949
    53   6 c       58   6 c                                       1.3478428
    17   6 c       59   1 h                                       1.0802843 (min)
    29   6 c       60   1 h                                       1.0812005
    41   6 c       61   1 h                                       1.0814098
    53   6 c       62   1 h                                       1.0810030
     6   6 c       63   1 h                                       1.0810017
    18   6 c       64   1 h                                       1.0814078
    30   6 c       65   1 h                                       1.0811937
    42   6 c       66   1 h                                       1.0802850
     1   6 c       67   1 h                                       1.0810130
     2   6 c       68   1 h                                       1.0813981
     3   6 c       69   1 h                                       1.0811612
     4   6 c       70   1 h                                       1.0810805
     5   6 c       71   1 h                                       1.0802980
    54   6 c       72   1 h                                       1.0802988
    55   6 c       73   1 h                                       1.0810838
    56   6 c       74   1 h                                       1.0811620
    57   6 c       75   1 h                                       1.0813985
    58   6 c       76   1 h                                       1.0810097
    16   6 c       77   1 h                                       1.0806987
    43   6 c       78   1 h                                       1.0806963

 * 2 distinct bonds (by element types)

   Z      Z             #   av. dist./Å        max./Å        min./Å
   1 H    6 C          20     1.0809542     1.0814098     1.0802843
   6 C    6 C          75     1.4081316     1.4339982     1.3478397


           -------------------------------------------------
          | TOTAL ENERGY             -134.718094730596 Eh   |
          | GRADIENT NORM               0.000266990193 Eh/α |
          | HOMO-LUMO GAP               0.308112737391 eV   |
           -------------------------------------------------
