command:  'xtb gas'
date:     2024/11/21 at 16:37:26.154     
           -------------------------------------------------
          |                Property Printout                |
           -------------------------------------------------

    * Orbital Energies and Occupations

         #    Occupation            Energy/Eh            Energy/eV
      -------------------------------------------------------------
         1        2.0000           -0.5948332             -16.1862
         2        2.0000           -0.5010707             -13.6348
         3        2.0000           -0.5010700             -13.6348
         4        2.0000           -0.3859601             -10.5025 (HOMO)
         5                          0.0636667               1.7325 (LUMO)
         6                          0.2151485               5.8545
         7                          0.2151543               5.8546
      -------------------------------------------------------------
                  HL-Gap            0.4496268 Eh           12.2350 eV
             Fermi-level           -0.1611467 Eh           -4.3850 eV

     #   Z          covCN         q      C6AA      α(0)
     1   7 n        2.580    -0.428    31.190     8.294
     2   1 h        0.860     0.143     1.451     1.887
     3   1 h        0.860     0.143     1.451     1.887
     4   1 h        0.860     0.143     1.451     1.887

 Mol. C6AA /au·bohr⁶  :         84.333432
 Mol. C8AA /au·bohr⁸  :       1500.527260
 Mol. α(0) /au        :         13.955380


Wiberg/Mayer (AO) data.
largest (>0.10) Wiberg bond orders for each atom

 ---------------------------------------------------------------------------
     #   Z sym  total        # sym  WBO       # sym  WBO       # sym  WBO
 ---------------------------------------------------------------------------
     1   7 n    2.937 --     4 h    0.979     3 h    0.979     2 h    0.979
     2   1 h    0.980 --     1 n    0.979
     3   1 h    0.980 --     1 n    0.979
     4   1 h    0.980 --     1 n    0.979
 ---------------------------------------------------------------------------

Topologies differ in total number of bonds
Writing topology from bond orders to xtbtopo.mol

molecular dipole:
                 x           y           z       tot (Debye)
 q only:        0.066      -0.270       0.104
   full:        0.156      -0.638       0.247       1.783
molecular quadrupole (traceless):
                xx          xy          yy          xz          yz          zz
 q only:        0.315       1.367      -1.090      -0.466       0.497       0.774
  q+dip:        0.607       3.133      -2.336      -1.062       1.020       1.728
   full:        0.716       3.210      -2.525      -1.092       1.142       1.809


           -------------------------------------------------
          | TOTAL ENERGY               -4.426244016686 Eh   |
          | GRADIENT NORM               0.000146655810 Eh/α |
          | HOMO-LUMO GAP              12.234969271196 eV   |
           -------------------------------------------------
