command:  'xtb gas --opt'
date:     2024/12/05 at 16:17:47.361     
           -------------------------------------------------
          |                Property Printout                |
           -------------------------------------------------

    * Orbital Energies and Occupations

         #    Occupation            Energy/Eh            Energy/eV
      -------------------------------------------------------------
         1        2.0000           -0.6800973             -18.5064
         2        2.0000           -0.5683191             -15.4648
         3        2.0000           -0.5108669             -13.9014
         4        2.0000           -0.4463898             -12.1469 (HOMO)
         5                          0.0825912               2.2474 (LUMO)
         6                          0.2517256               6.8498
      -------------------------------------------------------------
                  HL-Gap            0.5289810 Eh           14.3943 eV
             Fermi-level           -0.1818993 Eh           -4.9497 eV

     #   Z          covCN         q      C6AA      α(0)
     1   8 o        1.611    -0.565    24.358     6.661
     2   1 h        0.805     0.282     0.776     1.384
     3   1 h        0.805     0.282     0.776     1.384

 Mol. C6AA /au·bohr⁶  :         44.535358
 Mol. C8AA /au·bohr⁸  :        795.741312
 Mol. α(0) /au        :          9.429120


Wiberg/Mayer (AO) data.
largest (>0.10) Wiberg bond orders for each atom

 ---------------------------------------------------------------------------
     #   Z sym  total        # sym  WBO       # sym  WBO       # sym  WBO
 ---------------------------------------------------------------------------
     1   8 o    1.840 --     2 h    0.920     3 h    0.920
     2   1 h    0.920 --     1 o    0.920
     3   1 h    0.920 --     1 o    0.920
 ---------------------------------------------------------------------------

Topologies differ in total number of bonds
Writing topology from bond orders to xtbtopo.mol

molecular dipole:
                 x           y           z       tot (Debye)
 q only:       -0.435       0.406       0.119
   full:       -0.625       0.584       0.171       2.217
molecular quadrupole (traceless):
                xx          xy          yy          xz          yz          zz
 q only:        1.810      -2.557      -0.359       0.148       0.831      -1.451
  q+dip:        2.590      -3.657      -0.472       0.120       1.104      -2.118
   full:        2.623      -3.723      -0.537       0.266       1.268      -2.086

           -------------------------------------------------
          |                Geometry Summary                 |
           -------------------------------------------------

      molecular mass/u    :       18.0152864
   center of mass at/Å    :       -1.4127789       0.7219510       0.0097830
  moments of inertia/u·Å² :        0.5795306E+00   0.1201822E+01   0.1781353E+01
rotational constants/cm⁻¹ :        0.2908843E+02   0.1402672E+02   0.9463387E+01

 * 2 selected distances

     #   Z          #   Z                                           value/Å
     1   8 o        2   1 h                                       0.9591050 (max)
     1   8 o        3   1 h                                       0.9591041 (min)

 * 1 distinct bonds (by element types)

   Z      Z             #   av. dist./Å        max./Å        min./Å
   1 H    8 O           2     0.9591046     0.9591050     0.9591041


           -------------------------------------------------
          | TOTAL ENERGY               -5.070544428105 Eh   |
          | GRADIENT NORM               0.000179252637 Eh/α |
          | HOMO-LUMO GAP              14.394306713693 eV   |
           -------------------------------------------------
