command:  '/home/olli/anaconda3/bin/xtb defect'
date:     2024/11/28 at 16:27:21.435     
           -------------------------------------------------
          |                Property Printout                |
           -------------------------------------------------

    * Orbital Energies and Occupations

         #    Occupation            Energy/Eh            Energy/eV
      -------------------------------------------------------------
         1        2.0000           -0.6817212             -18.5506
       ...           ...                  ...                  ...
       117        2.0000           -0.4052355             -11.0270
       118        2.0000           -0.4036597             -10.9841
       119        2.0000           -0.3994358             -10.8692
       120        2.0000           -0.3980788             -10.8323
       121        2.0000           -0.3965424             -10.7905
       122        2.0000           -0.3943956             -10.7321
       123        2.0000           -0.3856454             -10.4939
       124        2.0000           -0.3763586             -10.2412
       125        2.0000           -0.3701196             -10.0715
       126        2.0000           -0.3642226              -9.9110
       127        2.0000           -0.3519808              -9.5779
       128        1.8283           -0.3339977              -9.0885
       129        1.1637           -0.3310036              -9.0071 (HOMO)
       130        0.0080           -0.3217979              -8.7566 (LUMO)
       131                         -0.2924235              -7.9572
       132                         -0.2722324              -7.4078
       133                         -0.2667391              -7.2583
       134                         -0.2512325              -6.8364
       135                         -0.2393578              -6.5133
       136                         -0.2365149              -6.4359
       137                         -0.2302738              -6.2661
       138                         -0.2229192              -6.0659
       139                         -0.2178255              -5.9273
       140                         -0.2113926              -5.7523
       ...                                ...                  ...
       255                          0.7508146              20.4307
      -------------------------------------------------------------
                  HL-Gap            0.0092057 Eh            0.2505 eV
             Fermi-level           -0.3294406 Eh           -8.9645 eV

     #   Z          covCN         q      C6AA      α(0)
     1   6 c        2.911    -0.034    28.849     8.807
     2   6 c        2.919    -0.042    29.041     8.837
     3   6 c        2.918    -0.039    28.962     8.825
     4   6 c        2.921    -0.038    28.937     8.821
     5   6 c        2.919    -0.034    28.850     8.808
     6   6 c        2.911    -0.034    28.857     8.809
     7   6 c        2.977     0.014    27.692     8.632
     8   6 c        2.980     0.016    27.651     8.626
     9   6 c        2.971     0.013    27.721     8.636
    10   6 c        2.973     0.016    27.643     8.624
    11   6 c        2.987     0.015    27.666     8.628
    12   6 c        2.970     0.014    27.700     8.633
    13   6 c        2.996    -0.000    28.026     8.684
    14   6 c        2.975     0.014    27.704     8.634
    15   6 c        2.998     0.001    27.989     8.678
    16   6 c        2.910    -0.028    28.711     8.786
    17   6 c        2.919    -0.033    28.823     8.804
    18   6 c        2.921    -0.048    29.182     8.859
    19   6 c        2.974     0.012    27.751     8.641
    20   6 c        2.975    -0.006    28.158     8.704
    21   6 c        2.975     0.010    27.783     8.646
    22   6 c        2.928    -0.041    29.031     8.836
    23   1 h        0.926     0.032     2.555     2.500
    24   6 c        2.981     0.015    27.669     8.628
    25   6 c        2.979    -0.032    28.798     8.803
    26   6 c        2.988     0.003    27.949     8.672
    27   6 c        2.995     0.002    27.975     8.676
    28   6 c        2.975     0.013    27.713     8.635
    29   6 c        2.920    -0.045    29.115     8.848
    30   6 c        2.920    -0.041    29.015     8.833
    31   6 c        2.975     0.014    27.701     8.633
    32   6 c        2.989     0.002    27.981     8.677
    33   6 c        2.984     0.007    27.864     8.659
    34   6 c        3.833    -0.082    22.041     6.680
    35   6 c        2.978     0.014    27.703     8.634
    36   6 c        2.839     0.218    23.417     7.930
    37   6 c        2.970    -0.032    28.790     8.801
    38   6 c        2.991     0.002    27.967     8.675
    39   6 c        2.988    -0.009    28.226     8.715
    40   6 c        2.972     0.013    27.731     8.638
    41   6 c        2.920    -0.047    29.160     8.855
    42   6 c        2.919    -0.032    28.802     8.801
    43   6 c        2.909    -0.028    28.701     8.785
    44   6 c        2.994    -0.001    28.034     8.685
    45   6 c        2.974     0.014    27.695     8.632
    46   6 c        2.990     0.002    27.972     8.676
    47   6 c        2.972     0.012    27.739     8.639
    48   6 c        2.980     0.007    27.854     8.657
    49   6 c        2.974     0.013    27.727     8.637
    50   6 c        2.990     0.004    27.931     8.669
    51   6 c        2.974     0.013    27.712     8.635
    52   6 c        2.974     0.014    27.685     8.631
    53   6 c        2.912    -0.035    28.860     8.809
    54   6 c        2.920    -0.032    28.797     8.800
    55   6 c        2.919    -0.040    28.987     8.829
    56   6 c        2.919    -0.048    29.191     8.860
    57   6 c        2.919    -0.041    29.019     8.834
    58   6 c        2.911    -0.035    28.862     8.809
    59   1 h        0.926     0.034     2.536     2.491
    60   1 h        0.926     0.032     2.553     2.498
    61   1 h        0.926     0.031     2.571     2.508
    62   1 h        0.926     0.032     2.565     2.504
    63   1 h        0.926     0.032     2.562     2.503
    64   1 h        0.925     0.032     2.552     2.498
    65   1 h        0.926     0.034     2.533     2.489
    66   1 h        0.926     0.034     2.536     2.490
    67   1 h        0.926     0.032     2.558     2.501
    68   1 h        0.925     0.033     2.537     2.491
    69   1 h        0.926     0.035     2.511     2.478
    70   1 h        0.925     0.035     2.512     2.479
    71   1 h        0.926     0.033     2.543     2.494
    72   1 h        0.926     0.034     2.535     2.490
    73   1 h        0.925     0.034     2.534     2.489
    74   1 h        0.925     0.032     2.554     2.499
    75   1 h        0.925     0.033     2.542     2.493
    76   1 h        0.926     0.032     2.564     2.504
    77   1 h        0.926     0.032     2.557     2.501
    78   1 h        0.927     0.047     2.357     2.401
    79   1 h        0.924     0.053     2.280     2.361
    80   8 o        0.858    -0.435    22.392     6.344
    81   1 h        0.925     0.126     1.562     1.955

 Mol. C6AA /au·bohr⁶  :     117528.903933
 Mol. C8AA /au·bohr⁸  :    3135725.289865
 Mol. α(0) /au        :        557.302301


Wiberg/Mayer (AO) data.
largest (>0.10) Wiberg bond orders for each atom

 ---------------------------------------------------------------------------
     #   Z sym  total        # sym  WBO       # sym  WBO       # sym  WBO
 ---------------------------------------------------------------------------
     1   6 c    3.973 --     6 c    1.693     8 c    1.167    67 h    0.967
     2   6 c    3.907 --     8 c    1.445    10 c    1.273    68 h    0.966
     3   6 c    3.820 --    10 c    1.359    12 c    1.291    69 h    0.966
     4   6 c    3.820 --    12 c    1.367    14 c    1.302    70 h    0.966
     5   6 c    3.848 --    16 c    1.446    14 c    1.299    71 h    0.969
     6   6 c    3.974 --     1 c    1.693     7 c    1.165    63 h    0.967
     7   6 c    3.978 --    18 c    1.450    20 c    1.203     6 c    1.165
     8   6 c    3.977 --     2 c    1.445     9 c    1.201     1 c    1.167
     9   6 c    3.939 --    22 c    1.340     8 c    1.201    20 c    1.200
    10   6 c    3.978 --     3 c    1.359     2 c    1.273    11 c    1.186
    11   6 c    3.951 --    22 c    1.404    10 c    1.186    24 c    1.155
    12   6 c    3.984 --     4 c    1.367     3 c    1.291    13 c    1.166
    13   6 c    3.951 --    24 c    1.314    26 c    1.244    12 c    1.166
    14   6 c    3.984 --     4 c    1.302     5 c    1.299    15 c    1.222
    15   6 c    3.946 --    26 c    1.266    28 c    1.228    14 c    1.222
    16   6 c    3.984 --    17 c    1.447     5 c    1.446    77 h    0.970
    17   6 c    3.845 --    16 c    1.447    28 c    1.297    59 h    0.969
    18   6 c    3.915 --     7 c    1.450    19 c    1.279    64 h    0.966
    19   6 c    3.983 --    30 c    1.355    18 c    1.279    32 c    1.186
    20   6 c    3.945 --    21 c    1.329     7 c    1.203     9 c    1.200
    21   6 c    3.963 --    32 c    1.353    20 c    1.329    34 c    1.033
    22   6 c    3.953 --    11 c    1.404     9 c    1.340    78 h    0.947
    23   1 h    0.998 --    43 c    0.970
    24   6 c    3.971 --    13 c    1.314    25 c    1.269    11 c    1.155
    25   6 c    3.925 --    38 c    1.276    24 c    1.269    36 c    1.078
    26   6 c    3.985 --    15 c    1.266    27 c    1.255    13 c    1.244
    27   6 c    3.959 --    38 c    1.278    26 c    1.255    40 c    1.190
    28   6 c    3.985 --    17 c    1.297    29 c    1.297    15 c    1.228
    29   6 c    3.809 --    40 c    1.380    28 c    1.297    60 h    0.967
    30   6 c    3.855 --    19 c    1.355    31 c    1.334    65 h    0.966
    31   6 c    3.981 --    30 c    1.334    42 c    1.288    44 c    1.197
    32   6 c    3.958 --    21 c    1.353    33 c    1.205    19 c    1.186
    33   6 c    3.970 --    44 c    1.352    32 c    1.205    46 c    1.178
    34   6 c    3.986 --    21 c    1.033    35 c    1.026    79 h    0.917
                            81 h    0.873
    35   6 c    3.960 --    46 c    1.418    48 c    1.265    34 c    1.026
    36   6 c    3.916 --    80 o    1.641    25 c    1.078    37 c    1.058
    37   6 c    3.921 --    48 c    1.292    50 c    1.291    36 c    1.058
    38   6 c    3.976 --    27 c    1.278    25 c    1.276    39 c    1.198
    39   6 c    3.894 --    50 c    1.276    52 c    1.220    38 c    1.198
    40   6 c    3.985 --    29 c    1.380    41 c    1.255    27 c    1.190
    41   6 c    3.834 --    52 c    1.436    40 c    1.255    61 h    0.967
    42   6 c    3.847 --    43 c    1.459    31 c    1.288    66 h    0.969
    43   6 c    3.975 --    42 c    1.459    54 c    1.428    23 h    0.970
    44   6 c    3.971 --    33 c    1.352    31 c    1.197    45 c    1.189
    45   6 c    3.980 --    55 c    1.316    54 c    1.313    44 c    1.189
    46   6 c    3.965 --    35 c    1.418    33 c    1.178    47 c    1.160
    47   6 c    3.982 --    55 c    1.362    56 c    1.301    46 c    1.160
    48   6 c    3.955 --    37 c    1.292    35 c    1.265    49 c    1.175
    49   6 c    3.978 --    56 c    1.393    57 c    1.251    48 c    1.175
    50   6 c    3.953 --    37 c    1.291    39 c    1.276    51 c    1.169
    51   6 c    3.975 --    57 c    1.479    50 c    1.169    58 c    1.168
    52   6 c    3.979 --    41 c    1.436    39 c    1.220    53 c    1.163
    53   6 c    3.967 --    58 c    1.694    52 c    1.163    62 h    0.968
    54   6 c    3.840 --    43 c    1.428    45 c    1.313    72 h    0.969
    55   6 c    3.814 --    47 c    1.362    45 c    1.316    73 h    0.966
    56   6 c    3.858 --    49 c    1.393    47 c    1.301    74 h    0.966
    57   6 c    3.905 --    51 c    1.479    49 c    1.251    75 h    0.966
    58   6 c    3.973 --    53 c    1.694    51 c    1.168    76 h    0.967
    59   1 h    0.998 --    17 c    0.969
    60   1 h    0.998 --    29 c    0.967
    61   1 h    0.998 --    41 c    0.967
    62   1 h    0.997 --    53 c    0.968
    63   1 h    0.998 --     6 c    0.967
    64   1 h    0.998 --    18 c    0.966
    65   1 h    0.997 --    30 c    0.966
    66   1 h    0.998 --    42 c    0.969
    67   1 h    0.997 --     1 c    0.967
    68   1 h    0.997 --     2 c    0.966
    69   1 h    0.997 --     3 c    0.966
    70   1 h    0.997 --     4 c    0.966
    71   1 h    0.998 --     5 c    0.969
    72   1 h    0.998 --    54 c    0.969
    73   1 h    0.997 --    55 c    0.966
    74   1 h    0.997 --    56 c    0.966
    75   1 h    0.997 --    57 c    0.966
    76   1 h    0.997 --    58 c    0.967
    77   1 h    0.998 --    16 c    0.970
    78   1 h    0.997 --    22 c    0.947
    79   1 h    0.992 --    34 c    0.917
    80   8 o    1.961 --    36 c    1.641
    81   1 h    0.980 --    34 c    0.873
 ---------------------------------------------------------------------------

Topologies differ in total number of bonds
Writing topology from bond orders to xtbtopo.mol

molecular dipole:
                 x           y           z       tot (Debye)
 q only:        0.010      -0.223      -1.070
   full:        0.000      -0.057      -1.056       2.688
molecular quadrupole (traceless):
                xx          xy          yy          xz          yz          zz
 q only:       39.370      -9.653      23.452     -11.086     -23.718     -62.821
  q+dip:       53.347      -9.378      40.571     -12.528     -20.332     -93.918
   full:       42.015      -8.461      30.587     -11.719     -18.697     -72.602


           -------------------------------------------------
          | TOTAL ENERGY             -137.990664301447 Eh   |
          | GRADIENT NORM               0.000161968413 Eh/α |
          | HOMO-LUMO GAP               0.250499310714 eV   |
           -------------------------------------------------
