command:  'xtb gas --opt'
date:     2025/01/15 at 17:23:25.676     
           -------------------------------------------------
          |                Property Printout                |
           -------------------------------------------------

    * Orbital Energies and Occupations

         #    Occupation            Energy/Eh            Energy/eV
      -------------------------------------------------------------
         1        2.0000           -0.5948331             -16.1862
         2        2.0000           -0.5010707             -13.6348
         3        2.0000           -0.5010700             -13.6348
         4        2.0000           -0.3859600             -10.5025 (HOMO)
         5                          0.0636668               1.7325 (LUMO)
         6                          0.2151486               5.8545
         7                          0.2151544               5.8546
      -------------------------------------------------------------
                  HL-Gap            0.4496268 Eh           12.2350 eV
             Fermi-level           -0.1611466 Eh           -4.3850 eV

     #   Z          covCN         q      C6AA      α(0)
     1   7 n        2.580    -0.428    31.190     8.294
     2   1 h        0.860     0.143     1.451     1.887
     3   1 h        0.860     0.143     1.451     1.887
     4   1 h        0.860     0.143     1.451     1.887

 Mol. C6AA /au·bohr⁶  :         84.333432
 Mol. C8AA /au·bohr⁸  :       1500.527255
 Mol. α(0) /au        :         13.955380


Wiberg/Mayer (AO) data.
largest (>0.10) Wiberg bond orders for each atom

 ---------------------------------------------------------------------------
     #   Z sym  total        # sym  WBO       # sym  WBO       # sym  WBO
 ---------------------------------------------------------------------------
     1   7 n    2.937 --     4 h    0.979     3 h    0.979     2 h    0.979
     2   1 h    0.980 --     1 n    0.979
     3   1 h    0.980 --     1 n    0.979
     4   1 h    0.980 --     1 n    0.979
 ---------------------------------------------------------------------------

Topologies differ in total number of bonds
Writing topology from bond orders to xtbtopo.mol

molecular dipole:
                 x           y           z       tot (Debye)
 q only:        0.066      -0.270       0.104
   full:        0.156      -0.638       0.247       1.783
molecular quadrupole (traceless):
                xx          xy          yy          xz          yz          zz
 q only:        0.315       1.367      -1.090      -0.466       0.497       0.774
  q+dip:        0.607       3.133      -2.336      -1.062       1.020       1.728
   full:        0.716       3.210      -2.525      -1.092       1.142       1.809

           -------------------------------------------------
          |                Geometry Summary                 |
           -------------------------------------------------

      molecular mass/u    :       17.0305255
   center of mass at/Å    :       -1.3663633       0.8335991       0.0167491
  moments of inertia/u·Å² :        0.1681250E+01   0.1681257E+01   0.2693798E+01
rotational constants/cm⁻¹ :        0.1002685E+02   0.1002681E+02   0.6257941E+01

 * 3 selected distances

     #   Z          #   Z                                           value/Å
     1   7 n        2   1 h                                       1.0125709 (min)
     1   7 n        3   1 h                                       1.0125720
     1   7 n        4   1 h                                       1.0125744 (max)

 * 1 distinct bonds (by element types)

   Z      Z             #   av. dist./Å        max./Å        min./Å
   1 H    7 N           3     1.0125724     1.0125744     1.0125709


           -------------------------------------------------
          | TOTAL ENERGY               -4.426244016686 Eh   |
          | GRADIENT NORM               0.000146743955 Eh/α |
          | HOMO-LUMO GAP              12.234967224373 eV   |
           -------------------------------------------------
