command:  'xtb interaction --opt'
date:     2025/01/15 at 17:23:09.675     
           -------------------------------------------------
          |                Property Printout                |
           -------------------------------------------------

    * Orbital Energies and Occupations

         #    Occupation            Energy/Eh            Energy/eV
      -------------------------------------------------------------
         1        2.0000           -0.8102223             -22.0473
       ...           ...                  ...                  ...
       122        2.0000           -0.4076191             -11.0919
       123        2.0000           -0.4060502             -11.0492
       124        2.0000           -0.4019345             -10.9372
       125        2.0000           -0.4006833             -10.9031
       126        2.0000           -0.3957257             -10.7682
       127        2.0000           -0.3942979             -10.7294
       128        2.0000           -0.3919788             -10.6663
       129        2.0000           -0.3883812             -10.5684
       130        2.0000           -0.3850517             -10.4778
       131        2.0000           -0.3845634             -10.4645
       132        2.0000           -0.3676795             -10.0051
       133        2.0000           -0.3445298              -9.3751
       134        1.9948           -0.3298269              -8.9750 (HOMO)
       135        0.0052           -0.3185068              -8.6670 (LUMO)
       136                         -0.3023974              -8.2287
       137                         -0.2753624              -7.4930
       138                         -0.2530943              -6.8870
       139                         -0.2518952              -6.8544
       140                         -0.2406408              -6.5482
       141                         -0.2371137              -6.4522
       142                         -0.2306860              -6.2773
       143                         -0.2232340              -6.0745
       144                         -0.2231147              -6.0713
       145                         -0.2231132              -6.0712
       ...                                ...                  ...
       264                          1.3666447              37.1883
      -------------------------------------------------------------
                  HL-Gap            0.0113201 Eh            0.3080 eV
             Fermi-level           -0.3241669 Eh           -8.8210 eV

     #   Z          covCN         q      C6AA      α(0)
     1   6 c        1.711     0.464    21.599     7.524
     2   8 o        0.856    -0.232    18.604     5.783
     3   8 o        0.856    -0.232    18.596     5.782
     4   6 c        2.912    -0.035    28.876     8.812
     5   6 c        2.921    -0.044    29.082     8.844
     6   6 c        2.922    -0.044    29.102     8.847
     7   6 c        2.922    -0.045    29.109     8.848
     8   6 c        2.919    -0.037    28.922     8.819
     9   6 c        2.912    -0.035    28.876     8.812
    10   6 c        2.975     0.012    27.752     8.641
    11   6 c        2.975     0.012    27.751     8.641
    12   6 c        2.992     0.001    27.988     8.678
    13   6 c        2.973     0.011    27.760     8.642
    14   6 c        2.993    -0.000    28.023     8.684
    15   6 c        2.973     0.011    27.756     8.642
    16   6 c        2.994    -0.000    28.029     8.684
    17   6 c        2.976     0.013    27.724     8.637
    18   6 c        2.998     0.001    27.988     8.678
    19   6 c        2.910    -0.029    28.715     8.787
    20   6 c        2.920    -0.037    28.921     8.819
    21   6 c        2.921    -0.043    29.077     8.843
    22   6 c        2.973     0.011    27.765     8.643
    23   6 c        2.992     0.001    27.987     8.678
    24   6 c        2.989     0.000    28.018     8.683
    25   6 c        2.989     0.000    28.019     8.683
    26   6 c        2.991    -0.001    28.043     8.687
    27   6 c        2.989     0.001    28.008     8.681
    28   6 c        2.991    -0.001    28.053     8.688
    29   6 c        2.988     0.002    27.984     8.678
    30   6 c        2.994    -0.001    28.031     8.685
    31   6 c        2.976     0.013    27.728     8.638
    32   6 c        2.922    -0.044    29.095     8.845
    33   6 c        2.922    -0.044    29.094     8.845
    34   6 c        2.976     0.013    27.728     8.638
    35   6 c        2.994    -0.001    28.031     8.685
    36   6 c        2.988     0.002    27.984     8.677
    37   6 c        2.991    -0.001    28.053     8.688
    38   6 c        2.989     0.001    28.008     8.681
    39   6 c        2.991    -0.001    28.043     8.687
    40   6 c        2.989     0.000    28.018     8.683
    41   6 c        2.989     0.000    28.017     8.683
    42   6 c        2.992     0.001    27.986     8.678
    43   6 c        2.973     0.011    27.764     8.643
    44   6 c        2.921    -0.043    29.077     8.843
    45   6 c        2.920    -0.037    28.920     8.819
    46   6 c        2.910    -0.029    28.714     8.787
    47   6 c        2.998     0.001    27.988     8.678
    48   6 c        2.976     0.013    27.724     8.637
    49   6 c        2.994    -0.000    28.028     8.684
    50   6 c        2.973     0.011    27.755     8.642
    51   6 c        2.993    -0.000    28.022     8.683
    52   6 c        2.973     0.011    27.758     8.642
    53   6 c        2.992     0.001    27.987     8.678
    54   6 c        2.975     0.012    27.749     8.641
    55   6 c        2.975     0.012    27.751     8.641
    56   6 c        2.912    -0.035    28.875     8.811
    57   6 c        2.919    -0.037    28.920     8.819
    58   6 c        2.922    -0.045    29.107     8.847
    59   6 c        2.922    -0.044    29.100     8.846
    60   6 c        2.921    -0.044    29.080     8.843
    61   6 c        2.912    -0.035    28.875     8.811
    62   1 h        0.926     0.030     2.581     2.512
    63   1 h        0.926     0.031     2.568     2.506
    64   1 h        0.925     0.031     2.568     2.506
    65   1 h        0.926     0.031     2.577     2.510
    66   1 h        0.926     0.031     2.578     2.511
    67   1 h        0.925     0.031     2.569     2.506
    68   1 h        0.926     0.031     2.568     2.506
    69   1 h        0.926     0.030     2.581     2.512
    70   1 h        0.926     0.031     2.578     2.511
    71   1 h        0.925     0.031     2.571     2.508
    72   1 h        0.925     0.031     2.571     2.507
    73   1 h        0.926     0.031     2.569     2.507
    74   1 h        0.926     0.030     2.581     2.512
    75   1 h        0.926     0.030     2.580     2.512
    76   1 h        0.926     0.031     2.568     2.506
    77   1 h        0.925     0.031     2.569     2.506
    78   1 h        0.925     0.031     2.569     2.506
    79   1 h        0.926     0.031     2.576     2.510
    80   1 h        0.926     0.029     2.594     2.519
    81   1 h        0.926     0.029     2.594     2.518

 Mol. C6AA /au·bohr⁶  :     125057.124940
 Mol. C8AA /au·bohr⁸  :    3361118.029431
 Mol. α(0) /au        :        575.166279


Wiberg/Mayer (AO) data.
largest (>0.10) Wiberg bond orders for each atom

 ---------------------------------------------------------------------------
     #   Z sym  total        # sym  WBO       # sym  WBO       # sym  WBO
 ---------------------------------------------------------------------------
     1   6 c    3.936 --     3 o    1.968     2 o    1.968
     2   8 o    2.370 --     1 c    1.968     3 o    0.402
     3   8 o    2.370 --     1 c    1.968     2 o    0.402
     4   6 c    3.971 --     9 c    1.695    11 c    1.166    70 h    0.967
     5   6 c    3.881 --    11 c    1.485    13 c    1.240    71 h    0.966
     6   6 c    3.821 --    13 c    1.406    15 c    1.281    72 h    0.967
     7   6 c    3.802 --    15 c    1.360    17 c    1.315    73 h    0.967
     8   6 c    3.843 --    19 c    1.455    17 c    1.290    74 h    0.970
     9   6 c    3.970 --     4 c    1.695    10 c    1.165    66 h    0.967
    10   6 c    3.980 --    21 c    1.483    23 c    1.176     9 c    1.165
    11   6 c    3.977 --     5 c    1.485    12 c    1.173     4 c    1.166
    12   6 c    3.951 --    23 c    1.338    25 c    1.230    11 c    1.173
    13   6 c    3.981 --     6 c    1.406     5 c    1.240    14 c    1.180
    14   6 c    3.947 --    25 c    1.304    27 c    1.244    13 c    1.180
    15   6 c    3.985 --     7 c    1.360     6 c    1.281    16 c    1.186
    16   6 c    3.945 --    27 c    1.292    29 c    1.247    15 c    1.186
    17   6 c    3.986 --     7 c    1.315     8 c    1.290    18 c    1.219
    18   6 c    3.947 --    29 c    1.280    31 c    1.226    17 c    1.219
    19   6 c    3.985 --     8 c    1.455    20 c    1.438    80 h    0.970
    20   6 c    3.838 --    19 c    1.438    31 c    1.304    62 h    0.970
    21   6 c    3.876 --    10 c    1.483    22 c    1.240    67 h    0.966
    22   6 c    3.986 --    33 c    1.396    21 c    1.240    35 c    1.190
    23   6 c    3.945 --    12 c    1.338    24 c    1.225    10 c    1.176
    24   6 c    3.976 --    35 c    1.299    37 c    1.232    23 c    1.225
    25   6 c    3.968 --    14 c    1.304    12 c    1.230    26 c    1.220
    26   6 c    3.974 --    37 c    1.289    39 c    1.238    25 c    1.220
    27   6 c    3.980 --    16 c    1.292    14 c    1.244    28 c    1.222
    28   6 c    3.964 --    39 c    1.289    41 c    1.232    27 c    1.222
    29   6 c    3.986 --    18 c    1.280    16 c    1.247    30 c    1.239
    30   6 c    3.945 --    41 c    1.299    29 c    1.239    43 c    1.190
    31   6 c    3.986 --    20 c    1.304    32 c    1.293    18 c    1.226
    32   6 c    3.820 --    43 c    1.396    31 c    1.293    63 h    0.967
    33   6 c    3.820 --    22 c    1.396    34 c    1.293    68 h    0.967
    34   6 c    3.986 --    45 c    1.304    33 c    1.293    47 c    1.226
    35   6 c    3.945 --    24 c    1.299    36 c    1.239    22 c    1.190
    36   6 c    3.986 --    47 c    1.280    49 c    1.247    35 c    1.239
    37   6 c    3.964 --    26 c    1.289    24 c    1.232    38 c    1.222
    38   6 c    3.980 --    49 c    1.292    51 c    1.244    37 c    1.222
    39   6 c    3.974 --    28 c    1.289    26 c    1.238    40 c    1.220
    40   6 c    3.968 --    51 c    1.304    53 c    1.230    39 c    1.220
    41   6 c    3.976 --    30 c    1.299    28 c    1.232    42 c    1.225
    42   6 c    3.945 --    53 c    1.338    41 c    1.225    55 c    1.176
    43   6 c    3.986 --    32 c    1.396    44 c    1.240    30 c    1.190
    44   6 c    3.876 --    55 c    1.483    43 c    1.240    64 h    0.966
    45   6 c    3.838 --    46 c    1.438    34 c    1.304    69 h    0.970
    46   6 c    3.985 --    57 c    1.455    45 c    1.438    81 h    0.970
    47   6 c    3.947 --    36 c    1.280    34 c    1.226    48 c    1.219
    48   6 c    3.986 --    58 c    1.315    57 c    1.290    47 c    1.219
    49   6 c    3.945 --    38 c    1.292    36 c    1.247    50 c    1.186
    50   6 c    3.985 --    58 c    1.360    59 c    1.281    49 c    1.186
    51   6 c    3.947 --    40 c    1.304    38 c    1.244    52 c    1.180
    52   6 c    3.981 --    59 c    1.406    60 c    1.240    51 c    1.180
    53   6 c    3.951 --    42 c    1.338    40 c    1.230    54 c    1.173
    54   6 c    3.977 --    60 c    1.485    53 c    1.173    61 c    1.166
    55   6 c    3.980 --    44 c    1.483    42 c    1.176    56 c    1.165
    56   6 c    3.970 --    61 c    1.695    55 c    1.165    65 h    0.967
    57   6 c    3.843 --    46 c    1.455    48 c    1.290    75 h    0.970
    58   6 c    3.802 --    50 c    1.360    48 c    1.315    76 h    0.967
    59   6 c    3.821 --    52 c    1.406    50 c    1.281    77 h    0.967
    60   6 c    3.881 --    54 c    1.485    52 c    1.240    78 h    0.966
    61   6 c    3.971 --    56 c    1.695    54 c    1.166    79 h    0.967
    62   1 h    0.998 --    20 c    0.970
    63   1 h    0.998 --    32 c    0.967
    64   1 h    0.998 --    44 c    0.966
    65   1 h    0.998 --    56 c    0.967
    66   1 h    0.998 --     9 c    0.967
    67   1 h    0.998 --    21 c    0.966
    68   1 h    0.998 --    33 c    0.967
    69   1 h    0.998 --    45 c    0.970
    70   1 h    0.998 --     4 c    0.967
    71   1 h    0.998 --     5 c    0.966
    72   1 h    0.998 --     6 c    0.967
    73   1 h    0.998 --     7 c    0.967
    74   1 h    0.998 --     8 c    0.970
    75   1 h    0.998 --    57 c    0.970
    76   1 h    0.998 --    58 c    0.967
    77   1 h    0.998 --    59 c    0.967
    78   1 h    0.998 --    60 c    0.966
    79   1 h    0.998 --    61 c    0.967
    80   1 h    0.998 --    19 c    0.970
    81   1 h    0.998 --    46 c    0.970
 ---------------------------------------------------------------------------

Topologies differ in total number of bonds
Writing topology from bond orders to xtbtopo.mol

molecular dipole:
                 x           y           z       tot (Debye)
 q only:        0.014       0.005       0.001
   full:        0.013       0.005       0.001       0.036
molecular quadrupole (traceless):
                xx          xy          yy          xz          yz          zz
 q only:        4.554      -1.318       6.479       0.740       0.428     -11.034
  q+dip:       20.634      -2.940      21.965       0.872       0.519     -42.600
   full:        8.048      -2.975      10.803       1.097       0.682     -18.852

           -------------------------------------------------
          |                Geometry Summary                 |
           -------------------------------------------------

      molecular mass/u    :      760.7910429
   center of mass at/Å    :        3.3608698       5.4034624       9.4169638
  moments of inertia/u·Å² :        0.1183193E+05   0.1729962E+05   0.2428808E+05
rotational constants/cm⁻¹ :        0.1424758E-02   0.9744508E-03   0.6940702E-03

 * 97 selected distances

     #   Z          #   Z                                           value/Å
     1   6 c        2   8 o                                       1.1434733
     1   6 c        3   8 o                                       1.1433596
     4   6 c        9   6 c                                       1.3479771
     4   6 c       11   6 c                                       1.4339670 (max)
     5   6 c       11   6 c                                       1.3740605
    11   6 c       12   6 c                                       1.4328890
     5   6 c       13   6 c                                       1.4169821
     6   6 c       13   6 c                                       1.3861846
    13   6 c       14   6 c                                       1.4312119
     6   6 c       15   6 c                                       1.4087795
     7   6 c       15   6 c                                       1.3938615
    15   6 c       16   6 c                                       1.4300069
     7   6 c       17   6 c                                       1.4021842
     8   6 c       17   6 c                                       1.4076241
    17   6 c       18   6 c                                       1.4237655
     8   6 c       19   6 c                                       1.3804087
    19   6 c       20   6 c                                       1.3831376
    10   6 c       21   6 c                                       1.3742675
    21   6 c       22   6 c                                       1.4169803
    10   6 c       23   6 c                                       1.4321316
    12   6 c       23   6 c                                       1.3977045
    23   6 c       24   6 c                                       1.4199808
    12   6 c       25   6 c                                       1.4187303
    14   6 c       25   6 c                                       1.4033485
    25   6 c       26   6 c                                       1.4204624
    14   6 c       27   6 c                                       1.4156106
    16   6 c       27   6 c                                       1.4055823
    27   6 c       28   6 c                                       1.4201538
    16   6 c       29   6 c                                       1.4153736
    18   6 c       29   6 c                                       1.4087538
    29   6 c       30   6 c                                       1.4173602
    18   6 c       31   6 c                                       1.4222142
    20   6 c       31   6 c                                       1.4048771
    31   6 c       32   6 c                                       1.4064230
    22   6 c       33   6 c                                       1.3877072
    33   6 c       34   6 c                                       1.4064298
    22   6 c       35   6 c                                       1.4289546
    24   6 c       35   6 c                                       1.4042736
    35   6 c       36   6 c                                       1.4173598
    24   6 c       37   6 c                                       1.4177192
    26   6 c       37   6 c                                       1.4055368
    37   6 c       38   6 c                                       1.4201532
    26   6 c       39   6 c                                       1.4160649
    28   6 c       39   6 c                                       1.4055348
    39   6 c       40   6 c                                       1.4204601
    28   6 c       41   6 c                                       1.4177161
    30   6 c       41   6 c                                       1.4042747
    41   6 c       42   6 c                                       1.4199788
    30   6 c       43   6 c                                       1.4289585
    32   6 c       43   6 c                                       1.3877009
    43   6 c       44   6 c                                       1.4169756
    34   6 c       45   6 c                                       1.4048683
    45   6 c       46   6 c                                       1.3831269
    34   6 c       47   6 c                                       1.4222065
    36   6 c       47   6 c                                       1.4087518
    47   6 c       48   6 c                                       1.4237585
    36   6 c       49   6 c                                       1.4153756
    38   6 c       49   6 c                                       1.4055852
    49   6 c       50   6 c                                       1.4300083
    38   6 c       51   6 c                                       1.4156103
    40   6 c       51   6 c                                       1.4033499
    51   6 c       52   6 c                                       1.4312142
    40   6 c       53   6 c                                       1.4187285
    42   6 c       53   6 c                                       1.3977067
    53   6 c       54   6 c                                       1.4328844
    42   6 c       55   6 c                                       1.4321269
    44   6 c       55   6 c                                       1.3742597
    46   6 c       57   6 c                                       1.3803956
    48   6 c       57   6 c                                       1.4076202
    48   6 c       58   6 c                                       1.4021812
    50   6 c       58   6 c                                       1.3938610
    50   6 c       59   6 c                                       1.4087857
    52   6 c       59   6 c                                       1.3861935
    52   6 c       60   6 c                                       1.4169887
    54   6 c       60   6 c                                       1.3740577
    54   6 c       61   6 c                                       1.4339633
    56   6 c       61   6 c                                       1.3479730
    20   6 c       62   1 h                                       1.0803028
    32   6 c       63   1 h                                       1.0811831
    44   6 c       64   1 h                                       1.0814182
    56   6 c       65   1 h                                       1.0810247
     9   6 c       66   1 h                                       1.0810290
    21   6 c       67   1 h                                       1.0814195
    33   6 c       68   1 h                                       1.0812104
    45   6 c       69   1 h                                       1.0803081
     4   6 c       70   1 h                                       1.0810732
     5   6 c       71   1 h                                       1.0815011
     6   6 c       72   1 h                                       1.0812758
     7   6 c       73   1 h                                       1.0811987
     8   6 c       74   1 h                                       1.0802934
    57   6 c       75   1 h                                       1.0802919 (min)
    58   6 c       76   1 h                                       1.0811830
    59   6 c       77   1 h                                       1.0812663
    60   6 c       78   1 h                                       1.0814900
    61   6 c       79   1 h                                       1.0810817
    19   6 c       80   1 h                                       1.0807907
    46   6 c       81   1 h                                       1.0807987

 * 3 distinct bonds (by element types)

   Z      Z             #   av. dist./Å        max./Å        min./Å
   1 H    6 C          20     1.0810070     1.0815011     1.0802919
   6 C    6 C          75     1.4081383     1.4339670     1.3479730
   6 C    8 O           2     1.1434165     1.1434733     1.1433596


           -------------------------------------------------
          | TOTAL ENERGY             -145.026502898877 Eh   |
          | GRADIENT NORM               0.000862883902 Eh/α |
          | HOMO-LUMO GAP               0.308035213961 eV   |
           -------------------------------------------------
