81
 energy: -145.026501870250 gnorm: 0.001021797801 xtb: 6.7.1 (edcfbbe)
c           -1.99969000039486        0.88131900017403       -0.07847360001550
o           -2.91478000057556        0.21722000004289        0.09232520001823
o           -1.08443000021413        1.54483000030505       -0.24988200004934
c            1.22095000024109        0.72522100014321        9.99999000197462
c            0.01451840000287        2.86809000056634       10.00000000197462
c           -1.19252000023548        5.00533000098836       10.00000000197462
c           -2.39655000047323        7.14307000141048       10.00000000197462
c           -3.60051000071096        9.28724000183388        9.99999000197462
c            2.38328000047061        0.04271680000844       10.00000000197462
c            3.64988000072071        0.71567500014132       10.00000000197462
c            1.19141000023526        2.15898000042632       10.00000000197462
c            2.44361000048252        2.85546000056385        9.99999000197462
c           -0.00828224000164        4.28500000084612       10.00000000197462
c            1.23928000024471        4.98635000098461        9.99999000197462
c           -1.20862000023866        6.41409000126654       10.00000000197462
c            0.03689610000729        7.11664000140527        9.99999000197462
c           -2.40429000047476        8.54525000168736       10.00000000197462
c           -1.16570000023018        9.24713000182596       10.00000000197462
c           -3.57681000070628       10.66740000210641        9.99997000197462
c           -2.37794000046955       11.35700000224258       10.00000000197462
c            4.84281000095627        0.03335280000659       10.00000000197462
c            6.09093000120273        0.70417200013905       10.00000000197462
c            3.64879000072050        2.14776000042410        9.99999000197462
c            4.88681000096496        2.84331000056144        9.99999000197462
c            2.44844000048347        4.27421000084399        9.99999000197462
c            3.68507000072766        4.97313000098200        9.99999000197462
c            1.24715000024627        6.40193000126414        9.99999000197462
c            2.48320000049034        7.10129000140224        9.99999000197462
c            0.04793740000947        8.53193000168473       10.00000000197462
c            1.28189000025312        9.22921000182242       10.00000000197462
c           -1.15282000022764       10.66920000210676       10.00000000197462
c            0.08188690001617       11.34260000223973       10.00000000197462
c            7.29811000144110        0.01966450000388       10.00000000197462
c            8.53282000168491        0.69307300013685       10.00000000197462
c            6.09811000120415        2.13304000042120        9.99999000197462
c            7.33206000144780        2.83032000055888       10.00000000197462
c            4.89680000096693        4.26096000084137        9.99999000197462
c            6.13285000121101        4.96032000097947        9.99999000197462
c            3.69493000072961        6.38913000126161        9.99999000197462
c            4.93156000097380        7.08804000139962        9.99999000197462
c            2.49319000049231        8.51894000168217        9.99999000197462
c            3.73121000073677        9.21449000181951       10.00000000197462
c            1.28907000025454       10.65810000210457       10.00000000197462
c            2.53719000050100       11.32890000223703       10.00000000197462
c            9.75794000192682        0.00529256000105       10.00000000197462
c           10.95680000216355        0.69485200013721        9.99999000197462
c            8.54570000168745        2.11512000041766       10.00000000197462
c            9.78429000193203        2.81701000055625       10.00000000197462
c            7.34310000144998        4.24561000083835       10.00000000197462
c            8.58862000169592        4.94817000097708       10.00000000197462
c            6.14072000121256        6.37590000125900        9.99999000197462
c            7.38828000145890        7.07726000139749       10.00000000197462
c            4.93639000097475        8.50679000167977        9.99999000197462
c            6.18859000122201        9.20327000181729       10.00000000197462
c            3.73012000073656       10.64660000210230       10.00000000197462
c            4.99672000098666       11.31950000223517       10.00000000197462
c           10.98050000216823        2.07501000040974       10.00000000197462
c            9.77655000193050        4.21918000083313       10.00000000197462
c            8.57252000169275        6.35692000125525       10.00000000197462
c            7.36548000145440        8.49417000167728       10.00000000197462
c            6.15905000121618       10.63700000210041        9.99999000197462
h           -2.37059000046810       12.43720000245587        9.99999000197462
h            0.08539460001686       12.42370000245321       10.00000000197462
h            2.53868000050129       12.41030000245056       10.00000000197462
h            4.98976000098529       12.40050000244863       10.00000000197462
h            2.39024000047198       -1.03827000020502       10.00000000197462
h            4.84132000095597       -1.04804000020695       10.00000000197462
h            7.29461000144041       -1.06149000020961       10.00000000197462
h            9.75059000192537       -1.07493000021226       10.00000000197462
h            0.27360100005403        0.20428200004034       10.00000000197462
h           -0.92935400018351        2.34003000046207       10.00000000197462
h           -2.13576000042173        4.47660000088396       10.00000000197462
h           -3.34023000065957        6.61524000130626       10.00000000197462
h           -4.54231000089693        8.75807000172939       10.00000000197462
h           11.92230000235420        2.60419000051423       10.00000000197462
h           10.72020000211683        4.74702000093736       10.00000000197462
h            9.51576000187900        6.88565000135965       10.00000000197462
h            8.30935000164078        9.02222000178155       10.00000000197462
h            7.10640000140324       11.15800000220328       10.00000000197462
h           -4.50778000089011       11.21660000221486       10.00000000197462
h           11.88780000234739        0.14566200002876       10.00000000197462
81
 energy: -145.026500773979 gnorm: 0.001057052912 xtb: 6.7.1 (edcfbbe)
c           -1.99848760975323        0.88006572113072       -0.07695123754147
o           -2.91567978220791        0.21767874044748        0.09158397804521
o           -1.08471110027522        1.54564910423460       -0.25060335601098
c            1.22109771421799        0.72543192855943        9.99995350668344
c            0.01463309867066        2.86828343492144        9.99992894553180
c           -1.19250824584224        5.00549649240651        9.99995451835451
c           -2.39671776785294        7.14323222893346        9.99997816948146
c           -3.60089800642821        9.28736480654382       10.00000353586677
c            2.38339630792026        0.04297771594002        9.99998718773655
c            3.64997594387182        0.71573469866359        9.99997317363577
c            1.19148880927738        2.15912927278172        9.99992800766272
c            2.44369353490353        2.85562064525445        9.99993980653246
c           -0.00828033340146        4.28512592066654        9.99992863340609
c            1.23925591102490        4.98655179396814        9.99993996986274
c           -1.20876252785600        6.41423350791414        9.99995814372430
c            0.03671019112728        7.11690006466130        9.99996396159748
c           -2.40464161068425        8.54544440531804        9.99999022178275
c           -1.16600740412145        9.24746403399582        9.99998571060283
c           -3.57712794990258       10.66760055092057       10.00001640645286
c           -2.37825573311837       11.35715551875760       10.00000522853938
c            4.84282750501720        0.03333693234689        9.99999671194851
c            6.09106147224043        0.70396127646091        9.99999381131005
c            3.64891403569878        2.14783068440451        9.99995995448177
c            4.88695813481761        2.84324810944367        9.99998326434028
c            2.44843735975331        4.27435022720827        9.99995283877490
c            3.68512772723749        4.97312252689031        9.99998227432945
c            1.24700614372355        6.40215044311277        9.99996674607920
c            2.48312315993998        7.10134592652258        9.99999030839139
c            0.04765788463538        8.53223265084708        9.99998180956455
c            1.28171450852285        9.22937705731769        9.99999272810383
c           -1.15307078921755       10.66958385737269        9.99999443963034
c            0.08177311127904       11.34282143713865        9.99999359452956
c            7.29822885997708        0.01942676954587       10.00000113709598
c            8.53306967747128        0.69266834084332       10.00000383688500
c            6.09828483950931        2.13287343970782        9.99999209566045
c            7.33233722385067        2.83002280880115        9.99999974148002
c            4.89687416975668        4.26090650511909        9.99999118397256
c            6.13298976853121        4.96010361601731       10.00000114339364
c            3.69487121313295        6.38913088651254        9.99999457716936
c            4.93156246715643        7.08790270031120       10.00000596982419
c            2.49304363282543        8.51900508127828        9.99999794939568
c            3.73109093208219        9.21441928141775       10.00000584283739
c            1.28894378602480       10.65828889965201        9.99999471298193
c            2.53717872441689       11.32890609285912        9.99999952709541
c            9.75825605900432        0.00509632494927       10.00000827191689
c           10.95712758124318        0.69465386966107       10.00001043894147
c            8.54599866597845        2.11478818680101       10.00000215864201
c            9.78463040015316        2.81681757495543       10.00000224485996
c            7.34328281301695        4.24535382700438       10.00000311637565
c            8.58875100232926        4.94802889093122       10.00000214202783
c            6.14074320709711        6.37570113258556       10.00000528017611
c            7.38827547548920        7.07713206595913       10.00000486490108
c            4.93631135609724        8.50663202368537       10.00000722558776
c            6.18851845701644        9.20312570899866       10.00000685142295
c            3.73003710461539       10.64652031081144       10.00000166750724
c            4.99661557059721       11.31927041952943       10.00000561274787
c           10.98088651600055        2.07489658234798       10.00000605719455
c            9.77670734846110        4.21902880168353        9.99999995053475
c            8.57250077846781        6.35676095355832       10.00000296765445
c            7.36537105973797        8.49396847634095       10.00000430735583
c            6.15891252791274       10.63681501232631       10.00000911611929
h           -2.37175688705937       12.43741795484116       10.00001365298261
h            0.08513841230317       12.42401410741965        9.99999917555800
h            2.53875100595354       12.41031215463782        9.99998823740768
h            4.99013091483055       12.40025133397416        9.99997524270161
h            2.38988100475180       -1.03801107617285       10.00014639220940
h            4.84125181658290       -1.04807338330793       10.00005271458358
h            7.29486703882487       -1.06176285571296       10.00001162540356
h            9.75175356654090       -1.07516861668193        9.99999767941834
h            0.27400730303753        0.20424826444918       10.00002204721315
h           -0.92899091502286        2.34005948593852       10.00011649864202
h           -2.13545496554429        4.47655289356933       10.00009925801604
h           -3.33999988413255        6.61505907381394       10.00007416706072
h           -4.54280364852388        8.75834313055912       10.00001257650519
h           11.92278359652959        2.60392250496512        9.99998187991349
h           10.71998012567521        4.74720656150648        9.99997917893202
h            9.51543667606168        6.88569965422692        9.99997193993068
h            8.30898613673855        9.02217897643746        9.99997147670098
h            7.10597905351504       11.15800622848987        9.99998947049323
h           -4.50766053009601       11.21716259737157       10.00000089012096
h           11.88766348351152        0.14510745841875        9.99999266499307
81
 energy: -145.026445888970 gnorm: 0.007799809089 xtb: 6.7.1 (edcfbbe)
c           -2.00287781889813        0.88454146078782       -0.08286270263177
o           -2.91516048658861        0.21446229502216        0.09434346210383
o           -1.08092052972959        1.54429813553713       -0.24767462436218
c            1.22190198554609        0.72660847501635        9.99977303304444
c            0.01525864909437        2.86936861946385        9.99955799760055
c           -1.19244887618373        5.00643638476701        9.99972305975529
c           -2.39764652241225        7.14414713108244        9.99987492910884
c           -3.60304966492270        9.28805403831642       10.00008380631001
c            2.38404267427132        0.04442144583685        9.99993960184772
c            3.65051172372066        0.71606264618645        9.99984057490080
c            1.19192062622468        2.15996324108228        9.99954500224789
c            2.44415846628115        2.85650914484317        9.99966558454861
c           -0.00826995354201        4.28583531094061        9.99955638261098
c            1.23912798990396        4.98767196097770        9.99967037376901
c           -1.20954627879228        6.41504129904611        9.99974607716492
c            0.03569055037415        7.11834215197605        9.99982707672869
c           -2.40658777457126        8.54652972599616        9.99994636205050
c           -1.16770732660565        9.24931504326950        9.99991413518832
c           -3.57889264207128       10.66870119300528       10.00027223462609
c           -2.37999548362852       11.35801313087953       10.00004084274735
c            4.84293419461358        0.03324916886645        9.99999204277245
c            6.09179576369402        0.70279963684046        9.99997034371753
c            3.64960259572524        2.14822309210814        9.99979878989964
c            4.88778186083159        2.84290619614049        9.99994889197040
c            2.44842526976264        4.27512608936061        9.99975013121097
c            3.68545086011823        4.97308275812581        9.99994148875092
c            1.24621485634828        6.40337215464942        9.99984144378201
c            2.48270262811425        7.10165739068276        9.99999391177551
c            0.04611190628501        8.53390863427266        9.99988734726194
c            1.28074381137816        9.23030188307877        9.99995826538071
c           -1.15445241896045       10.67171299938408        9.99997192766270
c            0.08114769215490       11.34404687196782        9.99996841795833
c            7.29888880855990        0.01811828856687       10.00001794166079
c            8.53445200677732        0.69043252106240       10.00003245779961
c            6.09925689382217        2.13195709722913       10.00000953170505
c            7.33387591400975        2.82838182848624       10.00000477837566
c            4.89728495832813        4.26061374987195        9.99999992096490
c            6.13376339993609        4.95890949633910       10.00006751667147
c            3.69454687252890        6.38913983675177       10.00002247058817
c            4.93157782097938        7.08714823840199       10.00009834659852
c            2.49223443949766        8.51936951796100       10.00004580786267
c            3.73043393410575        9.21403245090713       10.00004349816572
c            1.28824441436853       10.65933715383614        9.99997380216226
c            2.53711239483830       11.32894718013322       10.00000510399430
c            9.76000360368717        0.00402356528786       10.00005888966029
c           10.95894986682374        0.69357446796416       10.00012414947834
c            8.54765647683432        2.11295590275613       10.00002122575614
c            9.78651998756754        2.81574885876454       10.00002033513222
c            7.34429072906699        4.24393848244117       10.00002611348390
c            8.58947664217753        4.94723982545908       10.00001967903461
c            6.14087055402936        6.37460231195014       10.00009519257309
c            7.38825477912264        7.07641776833189       10.00003694033376
c            4.93587767164567        8.50576313755844       10.00010815960021
c            6.18812962406385        9.20232451818480       10.00005052141430
c            3.72957740243353       10.64608734342807       10.00001798460525
c            4.99603877156693       11.31800409986080       10.00003939141847
c           10.98303471411158        2.07427563295713       10.00004228401059
c            9.77758396041278        4.21818015211246       10.00000586781373
c            8.57240557024502        6.35586842194856       10.00002427549542
c            7.36478023680140        8.49284589908240       10.00003368128407
c            6.15816854559548       10.63578661872823       10.00011571105653
h           -2.37826068533392       12.43862096778421       10.00015289483336
h            0.08371248972982       12.42574623490178       10.00000446203559
h            2.53914394750411       12.41038748296030        9.99993520616571
h            4.99221123946640       12.39888334579554        9.99985320539796
h            2.38786939537802       -1.03658107296103       10.00093692567874
h            4.84088082842688       -1.04825829503728       10.00034927903674
h            7.29630336389044       -1.06326609361877       10.00008576102961
h            9.75824608866763       -1.07647707966345        9.99999596710171
h            0.27624012964549        0.20405199309830       10.00015997730512
h           -0.92699942007885        2.34021721269208       10.00072383249098
h           -2.13378395580123        4.47629154357841       10.00062608398111
h           -3.33873975939739        6.61405421947211       10.00047379114948
h           -4.54554598026192        8.75986721482179       10.00009427477652
h           11.92547674817042        2.60243370055855        9.99989385599107
h           10.71878116481704        4.74824585128575        9.99987569142142
h            9.51367106674432        6.88598133601215        9.99983160818515
h            8.30699340944808        9.02196613843509        9.99982977294563
h            7.10367458942590       11.15805478767873        9.99993993174999
h           -4.50701060512817       11.22029495901486       10.00002584565307
h           11.88692483886290        0.14202422533960        9.99996359684132
81
 energy: -145.026497127972 gnorm: 0.002417431866 xtb: 6.7.1 (edcfbbe)
c           -2.00078394928728        0.88241226756872       -0.08002816424079
o           -2.91498934883565        0.21627862558623        0.09296714227147
o           -1.08314714657345        1.54465480917651       -0.24902614786177
c            1.22135661131533        0.72587798430747        9.99992036056843
c            0.01483652977240        2.86870890729542        9.99982401903636
c           -1.19250544667947        5.00587717726523        9.99989715995086
c           -2.39706420128128        7.14359997612434        9.99996322456368
c           -3.60170071300616        9.28760725485986       10.00003125117504
c            2.38363245080421        0.04349765804710       10.00001085699423
c            3.65017743590774        0.71584122196018        9.99994368002375
c            1.19163221118312        2.15944683479783        9.99980137229909
c            2.44386516559339        2.85593737900560        9.99982515589401
c           -0.00828272227300        4.28540902795786        9.99981889437392
c            1.23921612906004        4.98696288124217        9.99983311917817
c           -1.20904382934418        6.41455451869854        9.99990291836250
c            0.03635236957796        7.11742810487075        9.99990800065749
c           -2.40535949780985        8.54585664345146        9.99998149301601
c           -1.16663275659015        9.24814054212842        9.99995821604941
c           -3.57779238202723       10.66797534238109       10.00009396971430
c           -2.37888361178621       11.35745696920015       10.00001948749807
c            4.84288421754701        0.03329722135094       10.00001116785551
c            6.09134097209743        0.70353921335356        9.99999402679256
c            3.64916578081522        2.14796925050324        9.99989282168831
c            4.88726358769976        2.84311679164325        9.99996101439776
c            2.44843356382485        4.27462687655503        9.99986378731452
c            3.68524904351708        4.97310508101472        9.99995558113041
c            1.24672178531722        6.40259501645806        9.99990789002971
c            2.48297402881984        7.10145862359042        9.99998004999820
c            0.04708821343243        8.53284229827394        9.99994209918440
c            1.28135390622103        9.22971067030551        9.99997565735199
c           -1.15356996747339       10.67036747193683        9.99998773375015
c            0.08154574529178       11.34326423218996        9.99998792134143
c            7.29847206959162        0.01895721184926       10.00001587906875
c            8.53357313925008        0.69185241095535       10.00001699599700
c            6.09864590940644        2.13254312549249        9.99999590691466
c            7.33290506693232        2.82942408318673       10.00000180766423
c            4.89701993290010        4.26079964641698        9.99998476578773
c            6.13326767672316        4.95966782538431       10.00002214463854
c            3.69474879761165        6.38913691839024        9.99999625869101
c            4.93156587441877        7.08763261494448       10.00003601733724
c            2.49274299260030        8.51914277514919       10.00000846551179
c            3.73084882262786        9.21428282386588       10.00001768588150
c            1.28867881733687       10.65867358026395        9.99998712043632
c            2.53713887249697       11.32893271010027       10.00000150286337
c            9.75888889161098        0.00472704521029       10.00002458753647
c           10.95781134186449        0.69429210700922       10.00003961918745
c            8.54661137760674        2.11412052191894       10.00001070406973
c            9.78532856537741        2.81641153545628       10.00000640266090
c            7.34363731230621        4.24483455801863       10.00001073196477
c            8.58901261605707        4.94771421557533       10.00000568637212
c            6.14078138371121        6.37529651581533       10.00003672127135
c            7.38827241595148        7.07684819691524       10.00001362088937
c            4.93614950253059        8.50632036279037       10.00004339603255
c            6.18838602598747        9.20281872449295       10.00002197451383
c            3.72986096887523       10.64637519488694       10.00000682048751
c            4.99640241484956       11.31881122747522       10.00000713620958
c           10.98168734527463        2.07467841203986       10.00001095425372
c            9.77703590800980        4.21868431041638        9.99999915283456
c            8.57248612400731        6.35639851416293       10.00000516008830
c            7.36517572756496        8.49353287643540       10.00001204014080
c            6.15867270913006       10.63642025424119       10.00003417330937
h           -2.37424935909462       12.43784468633183       10.00006889442244
h            0.08458971334860       12.42462771657834       10.00000436967751
h            2.53888805020900       12.41035273666799        9.99997508781290
h            4.99095109937489       12.39976393022764        9.99994138315125
h            2.38908106307552       -1.03750199712817       10.00040317199123
h            4.84112596269843       -1.04814886720364       10.00016407462940
h            7.29542115705741       -1.06230410886655       10.00004589943932
h            9.75424668094953       -1.07562599169125       10.00000682387074
h            0.27478210006222        0.20415145824511       10.00009223154292
h           -0.92830758913519        2.34010097326608       10.00026574904703
h           -2.13489034366772        4.47645262964948       10.00024718005172
h           -3.33957725985069        6.61467918319220       10.00019596024791
h           -4.54383345298840        8.75891902136886       10.00005551160594
h           11.92379857456210        2.60335617536946        9.99995777185393
h           10.71957871954693        4.74759347547041        9.99994695826338
h            9.51484147505171        6.88580851821886        9.99993044770942
h            8.30829845813051        9.02212407128762        9.99993215946419
h            7.10518857293348       11.15804631752836        9.99997419415321
h           -4.50745635491849       11.21834577301650       10.00004001466539
h           11.88742817086192        0.14393987453341        9.99999267740014
81
 energy: -145.026503325248 gnorm: 0.000064566956 xtb: 6.7.1 (edcfbbe)
c           -1.99966313448861        0.88126594141437       -0.07853040834236
o           -2.91505193767485        0.21719810152720        0.09218550695987
o           -1.08418490191477        1.54490501326916       -0.24968534650431
c            1.22108089877594        0.72552704927390        9.99998306467926
c            0.01462408985431        2.86838996706120        9.99993586442358
c           -1.19253368529847        5.00560519026148        9.99997099499977
c           -2.39677227898850        7.14333153968546       10.00000003602552
c           -3.60104161048951        9.28738072821075       10.00001676546472
c            2.38342138664251        0.04304834735661       10.00003294706463
c            3.65000278520096        0.71572917959218        9.99999629379594
c            1.19148467357512        2.15919345604586        9.99992704832760
c            2.44371654435823        2.85565292272060        9.99991464614747
c           -0.00828977355996        4.28519838936037        9.99993908703408
c            1.23925934484699        4.98661078281347        9.99992010451221
c           -1.20879140144149        6.41431121119391        9.99997502226508
c            0.03668315609741        7.11697363782023        9.99995400219306
c           -2.40475196831222        8.54552123972959        9.99999877204173
c           -1.16610249551904        9.24755664092092        9.99998370366407
c           -3.57725056926185       10.66760472399840       10.00002607416689
c           -2.37832807470310       11.35717534238113       10.00001652841985
c            4.84285383774003        0.03331871171670       10.00002694083078
c            6.09111159109647        0.70390272895618       10.00000822608943
c            3.64894414390868        2.14784326408585        9.99994734968080
c            4.88700514908235        2.84321788765880        9.99996556546666
c            2.44843513306764        4.27437870778193        9.99992078527515
c            3.68514860616882        4.97311516433400        9.99995317673906
c            1.24697344563111        6.40220968640310        9.99994350818555
c            2.48311082830823        7.10136073146956        9.99996609635824
c            0.04757016114028        8.53231419450470        9.99997163771054
c            1.28165737417607        9.22941765177721        9.99998195802527
c           -1.15313198627688       10.66970325766535        9.99999777165439
c            0.08174794394547       11.34287872548160       10.00000010924419
c            7.29826156434811        0.01936958877516       10.00001852499187
c            8.53313898524450        0.69255184091152       10.00000987011451
c            6.09834211305626        2.13283338280281        9.99998904992081
c            7.33242677174770        2.82993940781954        9.99999795820593
c            4.89688609523591        4.26089120934604        9.99996941913458
c            6.13302188330058        4.96004373157511        9.99999292628841
c            3.69484880738977        6.38913656001275        9.99997418060871
c            4.93156176393871        7.08787400358513        9.99999757816678
c            2.49299605135980        8.51903318781274        9.99998426727091
c            3.73105749985232        9.21440779487391        9.99999952627335
c            1.28889864380755       10.65834703565277        9.99999432437479
c            2.53715628440686       11.32892744872570       10.00000014373096
c            9.75833394724743        0.00508038035964       10.00001135608064
c           10.95725288338240        0.69465865887624       10.00000493709288
c            8.54609774294827        2.11469852930098       10.00000336841215
c            9.78474154091041        2.81674144803622        9.99999917899591
c            7.34331156296615        4.24527970242159        9.99999891773717
c            8.58878089092670        4.94795041356917        9.99999903508654
c            6.14073732202747        6.37564147203563       10.00000158669317
c            7.38828194509954        7.07706099391956       10.00000244423118
c            4.93628538944004        8.50659830972618       10.00000455945454
c            6.18851473806246        9.20306242491593       10.00000411923960
c            3.73000798591798       10.64652033115595       10.00000048168556
c            4.99658725493981       11.31920342095644        9.99999916518767
c           10.98103166112247        2.07488343268880        9.99999932367301
c            9.77676289969610        4.21893117852874        9.99999650468069
c            8.57252715442476        6.35665621330324        9.99999841238794
c            7.36537387693448        8.49386707019300       10.00000060544998
c            6.15892496953034       10.63672528123106       10.00000055148892
h           -2.37231135220936       12.43745580939776       10.00003268541304
h            0.08501701776108       12.42407721396894       10.00000967528239
h            2.53876978861968       12.41033768019270        9.99999835618255
h            4.99036364527364       12.40019222482736        9.99998528022037
h            2.38964019006936       -1.03794939386829       10.00014949301722
h            4.84123708131637       -1.04809651682327       10.00008479783372
h            7.29499074752318       -1.06183113187316       10.00003476767345
h            9.75231602928530       -1.07520165081218       10.00001392834853
h            0.27406680069360        0.20419442896048       10.00006440228248
h           -0.92894966197558        2.34003803078271       10.00002342556617
h           -2.13542920543222        4.47652614580510       10.00004899527320
h           -3.33997958488159        6.61497950251609       10.00005516332993
h           -4.54299798788440        8.75844957752821       10.00004188708782
h           11.92298281598604        2.60381394529953        9.99998851435557
h           10.71996328912472        4.74727961256869        9.99998425829006
h            9.51541209023472        6.88572892800592        9.99998365004006
h            8.30893724466911        9.02220873596418        9.99998668883728
h            7.10592986889652       11.15804687246201        9.99998830001060
h           -4.50766353865706       11.21739308615605       10.00004804875714
h           11.88766543228357        0.14487507738078       10.00000128691437
81
 energy: -145.026499445345 gnorm: 0.002611039311 xtb: 6.7.1 (edcfbbe)
c           -1.99900778066788        0.88059664735724       -0.07765184955553
o           -2.91461538226534        0.21782611433009        0.09206554667309
o           -1.08526492580567        1.54495980219134       -0.25041134518359
c            1.22089252155864        0.72565821473222       10.00008863433393
c            0.01450338517154        2.86859498373885       10.00012815164853
c           -1.19263204270705        5.00585315867998       10.00020431163889
c           -2.39685635628597        7.14356122480466       10.00014289473240
c           -3.60118278913061        9.28736911195112        9.99995768823861
c            2.38345258316934        0.04305903338949       10.00024284768008
c            3.65008029023692        0.71569293028135       10.00001736868608
c            1.19141060230571        2.15931865807829        9.99987614791932
c            2.44373861169709        2.85567221849804        9.99966423633335
c           -0.00832911799968        4.28537324238534       10.00005863219660
c            1.23928778915499        4.98668296398400        9.99975468351385
c           -1.20879930995902        6.41450600937084       10.00007060470225
c            0.03671521737773        7.11704722213763        9.99983552463070
c           -2.40487410526701        8.54567625141630       10.00001309099011
c           -1.16618248923448        9.24765349578134        9.99991832407741
c           -3.57743803768385       10.66755024642945        9.99988329014613
c           -2.37837136028886       11.35715837109891       10.00000979815487
c            4.84297340096346        0.03328573460252       10.00003611207790
c            6.09123394068684        0.70388063767347        9.99997529856896
c            3.64898230332866        2.14785574661862        9.99977788678986
c            4.88706783822073        2.84319029320960        9.99988729561927
c            2.44843699481605        4.27438349568660        9.99974652021265
c            3.68518207102799        4.97310128579731        9.99993254351081
c            1.24695729828100        6.40225207759032        9.99982409183568
c            2.48310345197084        7.10135330740029        9.99996359534200
c            0.04748064825743        8.53235996788350        9.99989891669957
c            1.28157107277223        9.22942049669678        9.99996272760686
c           -1.15313947744669       10.66981946562027        9.99996334580991
c            0.08172017078124       11.34287031215958        9.99995914525397
c            7.29832411756690        0.01937854151280        9.99997840483084
c            8.53319115683752        0.69245791471435        9.99999637674326
c            6.09842796043680        2.13282698303444        9.99994750078348
c            7.33253090739757        2.82986940766639       10.00003005504986
c            4.89689129949264        4.26089491178458        9.99997869819009
c            6.13304069001822        4.95999115133579       10.00007280828765
c            3.69480618213783        6.38915092665921       10.00003677031094
c            4.93154292837842        7.08786958540390       10.00012278098689
c            2.49292482481589        8.51904943709087       10.00001144202953
c            3.73098826202977        9.21440534472791       10.00009059249520
c            1.28879109210773       10.65837895964683        9.99996761565913
c            2.53703299182087       11.32897792243594        9.99996284157457
c            9.75840704364827        0.00513921643875        9.99998614495005
c           10.95744018364553        0.69473818815991        9.99993876030484
c            8.54620979023045        2.11460243721341       10.00001449161595
c            9.78488585264140        2.81656991047579        9.99997829384220
c            7.34329282883304        4.24518979855174       10.00006739687593
c            8.58881415912602        4.94773084076698        9.99999977849690
c            6.14069391957439        6.37556298941040       10.00011346192974
c            7.38831070221468        7.07689059702544       10.00004264395789
c            4.93623290187484        8.50658001933585       10.00012431059689
c            6.18853606511656        9.20294956408308       10.00007090408143
c            3.72988904011051       10.64655581944421       10.00000586981094
c            4.99650233251030       11.31918991281731        9.99993378759858
c           10.98118064757932        2.07487816285973        9.99995549275906
c            9.77686812908362        4.21867506193236        9.99995414242966
c            8.57264689998209        6.35640624645280        9.99995623022765
c            7.36545708142128        8.49369747155271        9.99999462792624
c            6.15906496965653       10.63660793050370        9.99995443798020
h           -2.37310022781793       12.43746671661971       10.00004104064505
h            0.08481253636486       12.42401387441504        9.99996019697514
h            2.53868024922695       12.41041049247470        9.99994321533693
h            4.99063570967041       12.40023486013714        9.99993225526691
h            2.38931521136106       -1.03798264263957       10.00024554300329
h            4.84133007117817       -1.04813908281028       10.00005850921305
h            7.29521230587862       -1.06183919214603        9.99994733510051
h            9.75313909728102       -1.07518148682158       10.00001171570073
h            0.27385129577254        0.20410917951687       10.00009649460430
h           -0.92916021455540        2.33996880358167       10.00007463825675
h           -2.13565628709817        4.47650341704001       10.00020214921005
h           -3.34017545956850        6.61487150277522       10.00015913405010
h           -4.54326350404831        8.75870226942108       10.00004086038725
h           11.92327958555075        2.60352295135870        9.99997970269574
h           10.72016723176006        4.74733731337956        9.99992991537193
h            9.51566576148042        6.88575308351281        9.99989447135571
h            8.30910774368392        9.02233205431647        9.99992700327799
h            7.10617277077180       11.15814035817172       10.00001247270187
h           -4.50791832497970       11.21768282702904       10.00012363957969
h           11.88793068641106        0.14456747407832       10.00005673803090
81
 energy: -145.026502899639 gnorm: 0.000862804764 xtb: 6.7.1 (edcfbbe)
c           -1.99940494845396        0.88099912342505       -0.07819944948420
o           -2.91495229355672        0.21744225739516        0.09208340939051
o           -1.08453811487636        1.54493292213092       -0.24990149654168
c            1.22101540974330        0.72556886802726       10.00002238195047
c            0.01458006033821        2.86845622674242        9.99999306586076
c           -1.19256869396924        5.00568626624504       10.00003900255255
c           -2.39679704492233        7.14340652038829       10.00004550289415
c           -3.60108571803974        9.28737249346923       10.00000273965157
c            2.38343002593643        0.04304834840590       10.00010650259891
c            3.65002469016109        0.71571303521063       10.00000652895903
c            1.19145799466198        2.15923111536804        9.99991220501253
c            2.44372221247426        2.85565401797496        9.99983504419889
c           -0.00830358743937        4.28525338839215        9.99997177005704
c            1.23926942653361        4.98662972758856        9.99986399509514
c           -1.20879093517813        6.41437227222012       10.00000343240954
c            0.03669863149683        7.11699251809597        9.99991441768463
c           -2.40478681512171        8.54556787412950       10.00000600978787
c           -1.16612453169929        9.24758173128194        9.99996471252620
c           -3.57730627065858       10.66757618414646        9.99998445193645
c           -2.37833237784077       11.35716368918422       10.00001870577982
c            4.84289186502589        0.03330655738515       10.00003480563849
c            6.09114642852946        0.70389830763708       10.00000172514454
c            3.64895354515375        2.14784409410469        9.99989387723110
c            4.88702218530919        2.84320805820909        9.99993889011433
c            2.44843510668729        4.27437634829353        9.99986223304953
c            3.68515844515896        4.97310980258870        9.99994120794499
c            1.24697151726862        6.40221929008382        9.99990155625841
c            2.48311162733565        7.10135735421222        9.99996002094737
c            0.04754509860177        8.53232443424658        9.99994785579870
c            1.28163328574541        9.22941551652096        9.99997439412940
c           -1.15312915704441       10.66973643113543        9.99999005337701
c            0.08174400210125       11.34287348478927        9.99998983274707
c            7.29827567022886        0.01937661664127       10.00001049295583
c            8.53314902774909        0.69252763341640       10.00000760127778
c            6.09836581960731        2.13283457091286        9.99997546957391
c            7.33245559065895        2.82992206886990       10.00000634893371
c            4.89688463885742        4.26089286119169        9.99996745910397
c            6.13302422780994        4.96003060974376       10.00001299644360
c            3.69483614029616        6.38914151102023        9.99998733964729
c            4.93155658639071        7.08787538255368       10.00003080283004
c            2.49297639229403        8.51903896819571        9.99998880041473
c            3.73103924837102        9.21440912001787       10.00002479705885
c            1.28886815044506       10.65835560713501        9.99998659086625
c            2.53711831001186       11.32894574839263        9.99999050418186
c            9.75834643327586        0.00510796584994       10.00000448205099
c           10.95730742229681        0.69469643303592        9.99998264843147
c            8.54612878703114        2.11467479078060       10.00000700039050
c            9.78478192711256        2.81669064642061        9.99999266951128
c            7.34329968308225        4.24525604226395       10.00001730331133
c            8.58878720716759        4.94788258395558        9.99999796923481
c            6.14072264286715        6.37561987274671       10.00003165719436
c            7.38829212439908        7.07700710934285       10.00001306586594
c            4.93627118249168        8.50659592340527       10.00003805209666
c            6.18852577957397        9.20302659037629       10.00002424298306
c            3.72997434325894       10.64653546017293       10.00000257629223
c            4.99656385330444       11.31920054123372        9.99997853794857
c           10.98107699785711        2.07488724269256        9.99998479320685
c            9.77679318286416        4.21884900837014        9.99998339668183
c            8.57256800644675        6.35657481269106        9.99998497640553
c            7.36540610896041        8.49381086160328        9.99999961418562
c            6.15897676638023       10.63668522944115        9.99998434921627
h           -2.37257590689621       12.43745103362332       10.00004034386659
h            0.08495099070734       12.42405177396496        9.99999832702244
h            2.53874377211308       12.41036264812000        9.99998562018336
h            4.99046826543891       12.40020790786996        9.99997377269380
h            2.38951970967746       -1.03796341310493       10.00017841208807
h            4.84126552581317       -1.04811160309265       10.00008231429526
h            7.29506174579802       -1.06182893265259       10.00001361144202
h            9.75259131790217       -1.07518474742984       10.00001633088941
h            0.27399439857637        0.20415712555640       10.00007625182428
h           -0.92902340935508        2.34000859347721       10.00002246745138
h           -2.13550761636736        4.47651400895617       10.00008369184997
h           -3.34004391675519        6.61494111246905       10.00008313786649
h           -4.54308284345358        8.75852932587591       10.00004937961503
h           11.92307666000730        2.60372274679874        9.99998682302323
h           10.72002902062346        4.74730209263122        9.99996911430990
h            9.51549915126500        6.88574165234648        9.99995940860544
h            8.30899896358806        9.02225473923431        9.99997206727671
h            7.10601455464795       11.15808407181651        9.99999812699947
h           -4.50773967116946       11.21748700466867       10.00008429507568
h           11.88774418293467        0.14477553539221       10.00002033459918
