command:  'xtb interaction --opt'
date:     2025/01/15 at 17:23:17.859     
           -------------------------------------------------
          |                Property Printout                |
           -------------------------------------------------

    * Orbital Energies and Occupations

         #    Occupation            Energy/Eh            Energy/eV
      -------------------------------------------------------------
         1        2.0000           -0.6793893             -18.4871
       ...           ...                  ...                  ...
       118        2.0000           -0.4077542             -11.0956
       119        2.0000           -0.4062049             -11.0534
       120        2.0000           -0.4020983             -10.9417
       121        2.0000           -0.4008586             -10.9079
       122        2.0000           -0.3958872             -10.7726
       123        2.0000           -0.3944465             -10.7334
       124        2.0000           -0.3921226             -10.6702
       125        2.0000           -0.3885499             -10.5730
       126        2.0000           -0.3852097             -10.4821
       127        2.0000           -0.3847270             -10.4690
       128        2.0000           -0.3678305             -10.0092
       129        2.0000           -0.3446869              -9.3794
       130        1.9949           -0.3299958              -8.9796 (HOMO)
       131        0.0051           -0.3186683              -8.6714 (LUMO)
       132                         -0.3025360              -8.2324
       133                         -0.2754829              -7.4963
       134                         -0.2532585              -6.8915
       135                         -0.2520615              -6.8589
       136                         -0.2407576              -6.5513
       137                         -0.2372627              -6.4562
       138                         -0.2308378              -6.2814
       139                         -0.2233836              -6.0786
       140                         -0.2202967              -5.9946
       141                         -0.2141366              -5.8270
       ...                                ...                  ...
       258                          0.7775704              21.1588
      -------------------------------------------------------------
                  HL-Gap            0.0113275 Eh            0.3082 eV
             Fermi-level           -0.3243320 Eh           -8.8255 eV

     #   Z          covCN         q      C6AA      α(0)
     1   8 o        1.611    -0.565    24.358     6.661
     2   1 h        0.805     0.282     0.777     1.384
     3   1 h        0.805     0.282     0.776     1.384
     4   6 c        2.912    -0.035    28.876     8.812
     5   6 c        2.921    -0.044    29.087     8.844
     6   6 c        2.922    -0.045    29.109     8.848
     7   6 c        2.922    -0.045    29.116     8.849
     8   6 c        2.919    -0.037    28.928     8.820
     9   6 c        2.912    -0.035    28.873     8.811
    10   6 c        2.975     0.012    27.749     8.641
    11   6 c        2.975     0.012    27.749     8.641
    12   6 c        2.992     0.001    27.988     8.678
    13   6 c        2.973     0.011    27.762     8.643
    14   6 c        2.993    -0.000    28.025     8.684
    15   6 c        2.973     0.011    27.759     8.642
    16   6 c        2.994    -0.001    28.031     8.685
    17   6 c        2.976     0.013    27.728     8.637
    18   6 c        2.998     0.001    27.991     8.679
    19   6 c        2.910    -0.029    28.716     8.787
    20   6 c        2.920    -0.037    28.925     8.820
    21   6 c        2.921    -0.043    29.073     8.842
    22   6 c        2.973     0.011    27.762     8.643
    23   6 c        2.992     0.001    27.985     8.678
    24   6 c        2.989     0.000    28.017     8.683
    25   6 c        2.989     0.000    28.019     8.683
    26   6 c        2.991    -0.001    28.044     8.687
    27   6 c        2.989     0.000    28.010     8.682
    28   6 c        2.991    -0.001    28.055     8.689
    29   6 c        2.988     0.001    27.986     8.678
    30   6 c        2.994    -0.001    28.033     8.685
    31   6 c        2.976     0.013    27.730     8.638
    32   6 c        2.922    -0.044    29.098     8.846
    33   6 c        2.922    -0.044    29.089     8.845
    34   6 c        2.976     0.013    27.726     8.637
    35   6 c        2.994    -0.000    28.028     8.684
    36   6 c        2.988     0.002    27.983     8.677
    37   6 c        2.991    -0.001    28.053     8.688
    38   6 c        2.989     0.001    28.008     8.681
    39   6 c        2.991    -0.001    28.044     8.687
    40   6 c        2.989     0.000    28.019     8.683
    41   6 c        2.989     0.000    28.018     8.683
    42   6 c        2.992     0.001    27.988     8.678
    43   6 c        2.973     0.011    27.766     8.643
    44   6 c        2.921    -0.043    29.079     8.843
    45   6 c        2.920    -0.037    28.915     8.818
    46   6 c        2.910    -0.028    28.711     8.786
    47   6 c        2.998     0.001    27.986     8.678
    48   6 c        2.976     0.013    27.723     8.637
    49   6 c        2.994    -0.000    28.027     8.684
    50   6 c        2.973     0.012    27.754     8.642
    51   6 c        2.993    -0.000    28.021     8.683
    52   6 c        2.973     0.011    27.758     8.642
    53   6 c        2.992     0.001    27.987     8.678
    54   6 c        2.975     0.012    27.749     8.641
    55   6 c        2.975     0.012    27.752     8.641
    56   6 c        2.912    -0.035    28.875     8.811
    57   6 c        2.919    -0.037    28.917     8.818
    58   6 c        2.922    -0.044    29.104     8.847
    59   6 c        2.922    -0.044    29.098     8.846
    60   6 c        2.921    -0.043    29.080     8.843
    61   6 c        2.912    -0.035    28.874     8.811
    62   1 h        0.926     0.030     2.582     2.513
    63   1 h        0.926     0.031     2.569     2.506
    64   1 h        0.925     0.031     2.569     2.507
    65   1 h        0.926     0.031     2.577     2.510
    66   1 h        0.926     0.031     2.572     2.508
    67   1 h        0.925     0.032     2.564     2.504
    68   1 h        0.926     0.032     2.563     2.503
    69   1 h        0.926     0.031     2.576     2.510
    70   1 h        0.926     0.031     2.576     2.510
    71   1 h        0.925     0.031     2.572     2.508
    72   1 h        0.925     0.031     2.575     2.509
    73   1 h        0.925     0.031     2.574     2.509
    74   1 h        0.926     0.030     2.585     2.514
    75   1 h        0.926     0.031     2.577     2.510
    76   1 h        0.925     0.031     2.566     2.505
    77   1 h        0.925     0.031     2.568     2.506
    78   1 h        0.925     0.031     2.568     2.506
    79   1 h        0.926     0.031     2.576     2.510
    80   1 h        0.926     0.029     2.597     2.520
    81   1 h        0.926     0.030     2.591     2.517

 Mol. C6AA /au·bohr⁶  :     120488.333069
 Mol. C8AA /au·bohr⁸  :    3233338.735880
 Mol. α(0) /au        :        565.504403


Wiberg/Mayer (AO) data.
largest (>0.10) Wiberg bond orders for each atom

 ---------------------------------------------------------------------------
     #   Z sym  total        # sym  WBO       # sym  WBO       # sym  WBO
 ---------------------------------------------------------------------------
     1   8 o    1.840 --     2 h    0.920     3 h    0.920
     2   1 h    0.920 --     1 o    0.920
     3   1 h    0.920 --     1 o    0.920
     4   6 c    3.971 --     9 c    1.695    11 c    1.166    70 h    0.967
     5   6 c    3.881 --    11 c    1.485    13 c    1.240    71 h    0.966
     6   6 c    3.821 --    13 c    1.407    15 c    1.281    72 h    0.967
     7   6 c    3.802 --    15 c    1.360    17 c    1.315    73 h    0.967
     8   6 c    3.843 --    19 c    1.455    17 c    1.290    74 h    0.970
     9   6 c    3.970 --     4 c    1.695    10 c    1.165    66 h    0.967
    10   6 c    3.980 --    21 c    1.483    23 c    1.176     9 c    1.165
    11   6 c    3.977 --     5 c    1.485    12 c    1.173     4 c    1.166
    12   6 c    3.951 --    23 c    1.338    25 c    1.230    11 c    1.173
    13   6 c    3.981 --     6 c    1.407     5 c    1.240    14 c    1.180
    14   6 c    3.948 --    25 c    1.304    27 c    1.244    13 c    1.180
    15   6 c    3.985 --     7 c    1.360     6 c    1.281    16 c    1.186
    16   6 c    3.945 --    27 c    1.292    29 c    1.247    15 c    1.186
    17   6 c    3.986 --     7 c    1.315     8 c    1.290    18 c    1.219
    18   6 c    3.947 --    29 c    1.280    31 c    1.226    17 c    1.219
    19   6 c    3.985 --     8 c    1.455    20 c    1.438    80 h    0.970
    20   6 c    3.838 --    19 c    1.438    31 c    1.304    62 h    0.970
    21   6 c    3.876 --    10 c    1.483    22 c    1.240    67 h    0.966
    22   6 c    3.986 --    33 c    1.396    21 c    1.240    35 c    1.190
    23   6 c    3.945 --    12 c    1.338    24 c    1.225    10 c    1.176
    24   6 c    3.976 --    35 c    1.299    37 c    1.232    23 c    1.225
    25   6 c    3.968 --    14 c    1.304    12 c    1.230    26 c    1.220
    26   6 c    3.974 --    37 c    1.289    39 c    1.238    25 c    1.220
    27   6 c    3.980 --    16 c    1.292    14 c    1.244    28 c    1.222
    28   6 c    3.964 --    39 c    1.289    41 c    1.232    27 c    1.222
    29   6 c    3.986 --    18 c    1.280    16 c    1.247    30 c    1.239
    30   6 c    3.945 --    41 c    1.299    29 c    1.239    43 c    1.190
    31   6 c    3.986 --    20 c    1.304    32 c    1.293    18 c    1.226
    32   6 c    3.820 --    43 c    1.396    31 c    1.293    63 h    0.967
    33   6 c    3.820 --    22 c    1.396    34 c    1.293    68 h    0.967
    34   6 c    3.986 --    45 c    1.304    33 c    1.293    47 c    1.226
    35   6 c    3.945 --    24 c    1.299    36 c    1.239    22 c    1.190
    36   6 c    3.986 --    47 c    1.280    49 c    1.247    35 c    1.239
    37   6 c    3.964 --    26 c    1.289    24 c    1.232    38 c    1.222
    38   6 c    3.980 --    49 c    1.292    51 c    1.244    37 c    1.222
    39   6 c    3.974 --    28 c    1.289    26 c    1.238    40 c    1.220
    40   6 c    3.968 --    51 c    1.304    53 c    1.230    39 c    1.220
    41   6 c    3.976 --    30 c    1.299    28 c    1.232    42 c    1.225
    42   6 c    3.945 --    53 c    1.338    41 c    1.225    55 c    1.176
    43   6 c    3.986 --    32 c    1.396    44 c    1.240    30 c    1.190
    44   6 c    3.876 --    55 c    1.483    43 c    1.240    64 h    0.966
    45   6 c    3.838 --    46 c    1.438    34 c    1.304    69 h    0.970
    46   6 c    3.985 --    57 c    1.455    45 c    1.438    81 h    0.970
    47   6 c    3.947 --    36 c    1.280    34 c    1.226    48 c    1.219
    48   6 c    3.986 --    58 c    1.315    57 c    1.290    47 c    1.219
    49   6 c    3.945 --    38 c    1.292    36 c    1.247    50 c    1.186
    50   6 c    3.985 --    58 c    1.360    59 c    1.281    49 c    1.186
    51   6 c    3.948 --    40 c    1.304    38 c    1.244    52 c    1.180
    52   6 c    3.981 --    59 c    1.407    60 c    1.240    51 c    1.180
    53   6 c    3.951 --    42 c    1.338    40 c    1.230    54 c    1.173
    54   6 c    3.977 --    60 c    1.485    53 c    1.173    61 c    1.166
    55   6 c    3.980 --    44 c    1.483    42 c    1.176    56 c    1.165
    56   6 c    3.970 --    61 c    1.695    55 c    1.165    65 h    0.967
    57   6 c    3.843 --    46 c    1.455    48 c    1.290    75 h    0.970
    58   6 c    3.802 --    50 c    1.360    48 c    1.315    76 h    0.967
    59   6 c    3.821 --    52 c    1.407    50 c    1.281    77 h    0.967
    60   6 c    3.881 --    54 c    1.485    52 c    1.240    78 h    0.966
    61   6 c    3.971 --    56 c    1.695    54 c    1.166    79 h    0.967
    62   1 h    0.998 --    20 c    0.970
    63   1 h    0.998 --    32 c    0.967
    64   1 h    0.998 --    44 c    0.966
    65   1 h    0.998 --    56 c    0.967
    66   1 h    0.998 --     9 c    0.967
    67   1 h    0.998 --    21 c    0.966
    68   1 h    0.998 --    33 c    0.967
    69   1 h    0.998 --    45 c    0.970
    70   1 h    0.998 --     4 c    0.967
    71   1 h    0.998 --     5 c    0.966
    72   1 h    0.998 --     6 c    0.967
    73   1 h    0.998 --     7 c    0.967
    74   1 h    0.998 --     8 c    0.970
    75   1 h    0.998 --    57 c    0.970
    76   1 h    0.998 --    58 c    0.967
    77   1 h    0.998 --    59 c    0.967
    78   1 h    0.998 --    60 c    0.966
    79   1 h    0.998 --    61 c    0.967
    80   1 h    0.998 --    19 c    0.970
    81   1 h    0.998 --    46 c    0.970
 ---------------------------------------------------------------------------

Topologies differ in total number of bonds
Writing topology from bond orders to xtbtopo.mol

molecular dipole:
                 x           y           z       tot (Debye)
 q only:       -0.354       0.354       0.119
   full:       -0.542       0.531       0.173       1.979
molecular quadrupole (traceless):
                xx          xy          yy          xz          yz          zz
 q only:        8.694      -1.901       4.716       2.445      -0.664     -13.411
  q+dip:       25.982      -3.908      20.064       2.445      -0.334     -46.046
   full:       14.007      -3.144       8.845       2.592      -0.170     -22.852

           -------------------------------------------------
          |                Geometry Summary                 |
           -------------------------------------------------

      molecular mass/u    :      734.7967836
   center of mass at/Å    :        3.5648930       5.5595416       9.7550631
  moments of inertia/u·Å² :        0.8042958E+04   0.1619441E+05   0.2136750E+05
rotational constants/cm⁻¹ :        0.2095949E-02   0.1040954E-02   0.7889381E-03

 * 97 selected distances

     #   Z          #   Z                                           value/Å
     1   8 o        2   1 h                                       0.9591050
     1   8 o        3   1 h                                       0.9591041 (min)
     4   6 c        9   6 c                                       1.3478959
     4   6 c       11   6 c                                       1.4340634 (max)
     5   6 c       11   6 c                                       1.3740128
    11   6 c       12   6 c                                       1.4328606
     5   6 c       13   6 c                                       1.4170936
     6   6 c       13   6 c                                       1.3861078
    13   6 c       14   6 c                                       1.4311896
     6   6 c       15   6 c                                       1.4088521
     7   6 c       15   6 c                                       1.3937682
    15   6 c       16   6 c                                       1.4299955
     7   6 c       17   6 c                                       1.4022015
     8   6 c       17   6 c                                       1.4076547
    17   6 c       18   6 c                                       1.4236366
     8   6 c       19   6 c                                       1.3803636
    19   6 c       20   6 c                                       1.3830538
    10   6 c       21   6 c                                       1.3742801
    21   6 c       22   6 c                                       1.4169694
    10   6 c       23   6 c                                       1.4320855
    12   6 c       23   6 c                                       1.3976046
    23   6 c       24   6 c                                       1.4200295
    12   6 c       25   6 c                                       1.4187584
    14   6 c       25   6 c                                       1.4032860
    25   6 c       26   6 c                                       1.4204729
    14   6 c       27   6 c                                       1.4156020
    16   6 c       27   6 c                                       1.4055338
    27   6 c       28   6 c                                       1.4201846
    16   6 c       29   6 c                                       1.4153332
    18   6 c       29   6 c                                       1.4086970
    29   6 c       30   6 c                                       1.4173351
    18   6 c       31   6 c                                       1.4221285
    20   6 c       31   6 c                                       1.4049869
    31   6 c       32   6 c                                       1.4064029
    22   6 c       33   6 c                                       1.3877444
    33   6 c       34   6 c                                       1.4064097
    22   6 c       35   6 c                                       1.4288862
    24   6 c       35   6 c                                       1.4041836
    35   6 c       36   6 c                                       1.4173328
    24   6 c       37   6 c                                       1.4176853
    26   6 c       37   6 c                                       1.4055163
    37   6 c       38   6 c                                       1.4201846
    26   6 c       39   6 c                                       1.4160345
    28   6 c       39   6 c                                       1.4055112
    39   6 c       40   6 c                                       1.4204680
    28   6 c       41   6 c                                       1.4176853
    30   6 c       41   6 c                                       1.4041836
    41   6 c       42   6 c                                       1.4200295
    30   6 c       43   6 c                                       1.4289082
    32   6 c       43   6 c                                       1.3877434
    43   6 c       44   6 c                                       1.4169603
    34   6 c       45   6 c                                       1.4049773
    45   6 c       46   6 c                                       1.3830249
    34   6 c       47   6 c                                       1.4221055
    36   6 c       47   6 c                                       1.4086992
    47   6 c       48   6 c                                       1.4236415
    36   6 c       49   6 c                                       1.4153332
    38   6 c       49   6 c                                       1.4055304
    49   6 c       50   6 c                                       1.4300038
    38   6 c       51   6 c                                       1.4156020
    40   6 c       51   6 c                                       1.4032860
    51   6 c       52   6 c                                       1.4311926
    40   6 c       53   6 c                                       1.4187584
    42   6 c       53   6 c                                       1.3976046
    53   6 c       54   6 c                                       1.4328606
    42   6 c       55   6 c                                       1.4321105
    44   6 c       55   6 c                                       1.3742691
    46   6 c       57   6 c                                       1.3803616
    48   6 c       57   6 c                                       1.4076515
    48   6 c       58   6 c                                       1.4021915
    50   6 c       58   6 c                                       1.3937735
    50   6 c       59   6 c                                       1.4088421
    52   6 c       59   6 c                                       1.3861149
    52   6 c       60   6 c                                       1.4170936
    54   6 c       60   6 c                                       1.3740063
    54   6 c       61   6 c                                       1.4340344
    56   6 c       61   6 c                                       1.3478938
    20   6 c       62   1 h                                       1.0802251
    32   6 c       63   1 h                                       1.0811058
    44   6 c       64   1 h                                       1.0814011
    56   6 c       65   1 h                                       1.0810225
     9   6 c       66   1 h                                       1.0810093
    21   6 c       67   1 h                                       1.0813939
    33   6 c       68   1 h                                       1.0811603
    45   6 c       69   1 h                                       1.0802477
     4   6 c       70   1 h                                       1.0811326
     5   6 c       71   1 h                                       1.0815464
     6   6 c       72   1 h                                       1.0813220
     7   6 c       73   1 h                                       1.0812662
     8   6 c       74   1 h                                       1.0802816
    57   6 c       75   1 h                                       1.0802865
    58   6 c       76   1 h                                       1.0812449
    59   6 c       77   1 h                                       1.0813220
    60   6 c       78   1 h                                       1.0815395
    61   6 c       79   1 h                                       1.0811629
    19   6 c       80   1 h                                       1.0808913
    46   6 c       81   1 h                                       1.0809121

 * 3 distinct bonds (by element types)

   Z      Z             #   av. dist./Å        max./Å        min./Å
   1 H    6 C          20     1.0810237     1.0815464     1.0802251
   6 C    6 C          75     1.4081183     1.4340634     1.3478938
   1 H    8 O           2     0.9591046     0.9591050     0.9591041


           -------------------------------------------------
          | TOTAL ENERGY             -139.788650353003 Eh   |
          | GRADIENT NORM               0.000754615676 Eh/α |
          | HOMO-LUMO GAP               0.308235837997 eV   |
           -------------------------------------------------
