command:  'xtb interaction --opt'
date:     2025/01/15 at 17:23:26.912     
           -------------------------------------------------
          |                Property Printout                |
           -------------------------------------------------

    * Orbital Energies and Occupations

         #    Occupation            Energy/Eh            Energy/eV
      -------------------------------------------------------------
         1        2.0000           -0.6818040             -18.5528
       ...           ...                  ...                  ...
       121        2.0000           -0.4037557             -10.9868
       122        2.0000           -0.3995580             -10.8725
       123        2.0000           -0.3981639             -10.8346
       124        2.0000           -0.3966176             -10.7925
       125        2.0000           -0.3944806             -10.7344
       126        2.0000           -0.3862279             -10.5098
       127        2.0000           -0.3857431             -10.4966
       128        2.0000           -0.3764388             -10.2434
       129        2.0000           -0.3702320             -10.0745
       130        2.0000           -0.3643311              -9.9140
       131        2.0000           -0.3520881              -9.5808
       132        1.8269           -0.3340613              -9.0903
       133        1.1651           -0.3310854              -9.0093 (HOMO)
       134        0.0080           -0.3218746              -8.7587 (LUMO)
       135                         -0.2925123              -7.9597
       136                         -0.2723666              -7.4115
       137                         -0.2668410              -7.2611
       138                         -0.2513088              -6.8385
       139                         -0.2394678              -6.5163
       140                         -0.2365891              -6.4379
       141                         -0.2303398              -6.2679
       142                         -0.2229964              -6.0680
       143                         -0.2179321              -5.9302
       144                         -0.2114753              -5.7545
       ...                                ...                  ...
       262                          0.7507546              20.4291
      -------------------------------------------------------------
                  HL-Gap            0.0092108 Eh            0.2506 eV
             Fermi-level           -0.3295164 Eh           -8.9666 eV

     #   Z          covCN         q      C6AA      α(0)
     1   7 n        2.580    -0.428    31.191     8.294
     2   1 h        0.860     0.143     1.451     1.887
     3   1 h        0.860     0.143     1.452     1.887
     4   1 h        0.860     0.143     1.451     1.887
     5   6 c        2.911    -0.034    28.852     8.808
     6   6 c        2.919    -0.042    29.043     8.837
     7   6 c        2.918    -0.039    28.963     8.825
     8   6 c        2.921    -0.038    28.935     8.821
     9   6 c        2.919    -0.034    28.846     8.807
    10   6 c        2.911    -0.035    28.862     8.809
    11   6 c        2.977     0.014    27.696     8.633
    12   6 c        2.980     0.016    27.655     8.626
    13   6 c        2.971     0.013    27.723     8.637
    14   6 c        2.973     0.016    27.644     8.624
    15   6 c        2.987     0.015    27.666     8.628
    16   6 c        2.970     0.014    27.698     8.633
    17   6 c        2.996    -0.000    28.024     8.684
    18   6 c        2.975     0.014    27.703     8.634
    19   6 c        2.998     0.001    27.987     8.678
    20   6 c        2.910    -0.028    28.709     8.786
    21   6 c        2.919    -0.033    28.819     8.803
    22   6 c        2.921    -0.048    29.186     8.859
    23   6 c        2.974     0.012    27.753     8.641
    24   6 c        2.975    -0.006    28.161     8.705
    25   6 c        2.975     0.010    27.784     8.646
    26   6 c        2.928    -0.042    29.032     8.836
    27   1 h        0.926     0.032     2.556     2.500
    28   6 c        2.981     0.015    27.668     8.628
    29   6 c        2.979    -0.032    28.798     8.803
    30   6 c        2.988     0.003    27.948     8.672
    31   6 c        2.995     0.002    27.973     8.676
    32   6 c        2.975     0.013    27.712     8.635
    33   6 c        2.920    -0.045    29.110     8.848
    34   6 c        2.920    -0.041    29.018     8.834
    35   6 c        2.975     0.014    27.702     8.633
    36   6 c        2.989     0.002    27.982     8.677
    37   6 c        2.984     0.007    27.864     8.659
    38   6 c        3.833    -0.082    22.042     6.680
    39   6 c        2.978     0.014    27.703     8.634
    40   6 c        2.839     0.218    23.416     7.930
    41   6 c        2.970    -0.032    28.789     8.801
    42   6 c        2.991     0.002    27.965     8.675
    43   6 c        2.988    -0.009    28.223     8.715
    44   6 c        2.972     0.013    27.729     8.638
    45   6 c        2.920    -0.047    29.157     8.855
    46   6 c        2.919    -0.032    28.804     8.801
    47   6 c        2.909    -0.028    28.702     8.785
    48   6 c        2.994    -0.001    28.034     8.685
    49   6 c        2.974     0.014    27.695     8.632
    50   6 c        2.990     0.002    27.973     8.676
    51   6 c        2.972     0.012    27.739     8.639
    52   6 c        2.980     0.007    27.854     8.657
    53   6 c        2.974     0.013    27.726     8.637
    54   6 c        2.990     0.004    27.930     8.669
    55   6 c        2.974     0.013    27.711     8.635
    56   6 c        2.974     0.015    27.683     8.631
    57   6 c        2.912    -0.035    28.860     8.809
    58   6 c        2.920    -0.032    28.799     8.800
    59   6 c        2.919    -0.040    28.988     8.829
    60   6 c        2.919    -0.048    29.191     8.860
    61   6 c        2.919    -0.041    29.019     8.834
    62   6 c        2.911    -0.035    28.862     8.809
    63   1 h        0.926     0.034     2.534     2.489
    64   1 h        0.926     0.033     2.550     2.497
    65   1 h        0.926     0.031     2.569     2.506
    66   1 h        0.926     0.032     2.563     2.504
    67   1 h        0.926     0.031     2.566     2.505
    68   1 h        0.925     0.032     2.556     2.500
    69   1 h        0.926     0.034     2.536     2.490
    70   1 h        0.926     0.033     2.538     2.491
    71   1 h        0.926     0.032     2.562     2.503
    72   1 h        0.925     0.033     2.539     2.492
    73   1 h        0.926     0.035     2.511     2.478
    74   1 h        0.925     0.035     2.511     2.478
    75   1 h        0.926     0.033     2.541     2.493
    76   1 h        0.926     0.034     2.535     2.490
    77   1 h        0.925     0.034     2.534     2.489
    78   1 h        0.925     0.032     2.554     2.499
    79   1 h        0.925     0.033     2.541     2.493
    80   1 h        0.926     0.032     2.563     2.504
    81   1 h        0.926     0.032     2.554     2.499
    82   1 h        0.927     0.047     2.356     2.400
    83   1 h        0.924     0.053     2.279     2.361
    84   8 o        0.858    -0.435    22.392     6.344
    85   1 h        0.925     0.126     1.562     1.954

 Mol. C6AA /au·bohr⁶  :     123901.471783
 Mol. C8AA /au·bohr⁸  :    3274184.289358
 Mol. α(0) /au        :        571.257753


Wiberg/Mayer (AO) data.
largest (>0.10) Wiberg bond orders for each atom

 ---------------------------------------------------------------------------
     #   Z sym  total        # sym  WBO       # sym  WBO       # sym  WBO
 ---------------------------------------------------------------------------
     1   7 n    2.937 --     3 h    0.979     4 h    0.979     2 h    0.979
     2   1 h    0.980 --     1 n    0.979
     3   1 h    0.980 --     1 n    0.979
     4   1 h    0.980 --     1 n    0.979
     5   6 c    3.973 --    10 c    1.693    12 c    1.167    71 h    0.967
     6   6 c    3.907 --    12 c    1.445    14 c    1.273    72 h    0.966
     7   6 c    3.819 --    14 c    1.359    16 c    1.291    73 h    0.966
     8   6 c    3.820 --    16 c    1.367    18 c    1.302    74 h    0.966
     9   6 c    3.848 --    20 c    1.446    18 c    1.299    75 h    0.969
    10   6 c    3.974 --     5 c    1.693    11 c    1.165    67 h    0.967
    11   6 c    3.978 --    22 c    1.450    24 c    1.203    10 c    1.165
    12   6 c    3.977 --     6 c    1.445    13 c    1.201     5 c    1.167
    13   6 c    3.939 --    26 c    1.340    12 c    1.201    24 c    1.200
    14   6 c    3.978 --     7 c    1.359     6 c    1.273    15 c    1.186
    15   6 c    3.951 --    26 c    1.404    14 c    1.186    28 c    1.155
    16   6 c    3.984 --     8 c    1.367     7 c    1.291    17 c    1.166
    17   6 c    3.951 --    28 c    1.314    30 c    1.244    16 c    1.166
    18   6 c    3.984 --     8 c    1.302     9 c    1.299    19 c    1.222
    19   6 c    3.946 --    30 c    1.266    32 c    1.228    18 c    1.222
    20   6 c    3.984 --    21 c    1.447     9 c    1.446    81 h    0.970
    21   6 c    3.845 --    20 c    1.447    32 c    1.297    63 h    0.969
    22   6 c    3.915 --    11 c    1.450    23 c    1.279    68 h    0.966
    23   6 c    3.983 --    34 c    1.355    22 c    1.279    36 c    1.187
    24   6 c    3.945 --    25 c    1.329    11 c    1.203    13 c    1.200
    25   6 c    3.963 --    36 c    1.353    24 c    1.329    38 c    1.034
    26   6 c    3.953 --    15 c    1.404    13 c    1.340    82 h    0.947
    27   1 h    0.998 --    47 c    0.970
    28   6 c    3.971 --    17 c    1.314    29 c    1.269    15 c    1.155
    29   6 c    3.925 --    42 c    1.276    28 c    1.269    40 c    1.078
    30   6 c    3.985 --    19 c    1.266    31 c    1.255    17 c    1.244
    31   6 c    3.959 --    42 c    1.278    30 c    1.255    44 c    1.190
    32   6 c    3.985 --    21 c    1.297    33 c    1.297    19 c    1.228
    33   6 c    3.809 --    44 c    1.380    32 c    1.297    64 h    0.967
    34   6 c    3.855 --    23 c    1.355    35 c    1.334    69 h    0.966
    35   6 c    3.981 --    34 c    1.334    46 c    1.288    48 c    1.197
    36   6 c    3.958 --    25 c    1.353    37 c    1.205    23 c    1.187
    37   6 c    3.970 --    48 c    1.352    36 c    1.205    50 c    1.178
    38   6 c    3.986 --    25 c    1.034    39 c    1.026    83 h    0.917
                            85 h    0.873
    39   6 c    3.960 --    50 c    1.418    52 c    1.265    38 c    1.026
    40   6 c    3.916 --    84 o    1.641    29 c    1.078    41 c    1.058
    41   6 c    3.921 --    52 c    1.292    54 c    1.291    40 c    1.058
    42   6 c    3.976 --    31 c    1.278    29 c    1.276    43 c    1.198
    43   6 c    3.894 --    54 c    1.276    56 c    1.220    42 c    1.198
    44   6 c    3.985 --    33 c    1.380    45 c    1.255    31 c    1.190
    45   6 c    3.834 --    56 c    1.436    44 c    1.255    65 h    0.967
    46   6 c    3.847 --    47 c    1.459    35 c    1.288    70 h    0.969
    47   6 c    3.975 --    46 c    1.459    58 c    1.428    27 h    0.970
    48   6 c    3.971 --    37 c    1.352    35 c    1.197    49 c    1.189
    49   6 c    3.980 --    59 c    1.316    58 c    1.314    48 c    1.189
    50   6 c    3.965 --    39 c    1.418    37 c    1.178    51 c    1.160
    51   6 c    3.982 --    59 c    1.362    60 c    1.301    50 c    1.160
    52   6 c    3.955 --    41 c    1.292    39 c    1.265    53 c    1.175
    53   6 c    3.978 --    60 c    1.393    61 c    1.251    52 c    1.175
    54   6 c    3.953 --    41 c    1.291    43 c    1.276    55 c    1.169
    55   6 c    3.975 --    61 c    1.479    54 c    1.169    62 c    1.168
    56   6 c    3.979 --    45 c    1.436    43 c    1.220    57 c    1.163
    57   6 c    3.967 --    62 c    1.694    56 c    1.163    66 h    0.968
    58   6 c    3.840 --    47 c    1.428    49 c    1.314    76 h    0.969
    59   6 c    3.814 --    51 c    1.362    49 c    1.316    77 h    0.966
    60   6 c    3.858 --    53 c    1.393    51 c    1.301    78 h    0.966
    61   6 c    3.905 --    55 c    1.479    53 c    1.251    79 h    0.966
    62   6 c    3.973 --    57 c    1.694    55 c    1.168    80 h    0.967
    63   1 h    0.998 --    21 c    0.969
    64   1 h    0.998 --    33 c    0.967
    65   1 h    0.998 --    45 c    0.967
    66   1 h    0.997 --    57 c    0.968
    67   1 h    0.998 --    10 c    0.967
    68   1 h    0.998 --    22 c    0.966
    69   1 h    0.997 --    34 c    0.966
    70   1 h    0.998 --    46 c    0.969
    71   1 h    0.997 --     5 c    0.967
    72   1 h    0.997 --     6 c    0.966
    73   1 h    0.997 --     7 c    0.966
    74   1 h    0.997 --     8 c    0.966
    75   1 h    0.998 --     9 c    0.969
    76   1 h    0.998 --    58 c    0.969
    77   1 h    0.997 --    59 c    0.966
    78   1 h    0.997 --    60 c    0.966
    79   1 h    0.997 --    61 c    0.966
    80   1 h    0.997 --    62 c    0.967
    81   1 h    0.998 --    20 c    0.970
    82   1 h    0.997 --    26 c    0.947
    83   1 h    0.992 --    38 c    0.917
    84   8 o    1.961 --    40 c    1.641
    85   1 h    0.980 --    38 c    0.873
 ---------------------------------------------------------------------------

Topologies differ in total number of bonds
Writing topology from bond orders to xtbtopo.mol

molecular dipole:
                 x           y           z       tot (Debye)
 q only:        0.050      -0.435      -0.966
   full:        0.130      -0.636      -0.809       2.638
molecular quadrupole (traceless):
                xx          xy          yy          xz          yz          zz
 q only:       38.895      -8.273      23.626     -12.265     -21.616     -62.521
  q+dip:       53.157      -6.236      39.513     -14.303     -17.729     -92.670
   full:       41.934      -5.242      29.340     -13.524     -15.971     -71.274

           -------------------------------------------------
          |                Geometry Summary                 |
           -------------------------------------------------

      molecular mass/u    :      740.8245139
   center of mass at/Å    :        3.5885538       5.5741254       9.7886838
  moments of inertia/u·Å² :        0.7955383E+04   0.1627958E+05   0.2134528E+05
rotational constants/cm⁻¹ :        0.2119022E-02   0.1035508E-02   0.7897591E-03

 * 92 selected distances

     #   Z          #   Z                                           value/Å
     1   7 n        2   1 h                                       1.0125709 (min)
     1   7 n        3   1 h                                       1.0125720
     1   7 n        4   1 h                                       1.0125744
     5   6 c       10   6 c                                       1.3481672
     6   6 c       12   6 c                                       1.3868072
    12   6 c       13   6 c                                       1.4338886
     6   6 c       14   6 c                                       1.4135965
     7   6 c       14   6 c                                       1.3958630
    14   6 c       15   6 c                                       1.4256018
     7   6 c       16   6 c                                       1.4112600
     8   6 c       16   6 c                                       1.3940642
     8   6 c       18   6 c                                       1.4061631
     9   6 c       18   6 c                                       1.4061556
    18   6 c       19   6 c                                       1.4231168
     9   6 c       20   6 c                                       1.3823456
    20   6 c       21   6 c                                       1.3820685
    11   6 c       22   6 c                                       1.3830988
    22   6 c       23   6 c                                       1.4108056
    11   6 c       24   6 c                                       1.4312600
    24   6 c       25   6 c                                       1.4094020
    13   6 c       26   6 c                                       1.4025810
    15   6 c       26   6 c                                       1.3840516
    17   6 c       28   6 c                                       1.4010420
    28   6 c       29   6 c                                       1.4175522
    17   6 c       30   6 c                                       1.4164598
    19   6 c       30   6 c                                       1.4099532
    30   6 c       31   6 c                                       1.4152388
    19   6 c       32   6 c                                       1.4216525
    21   6 c       32   6 c                                       1.4065784
    32   6 c       33   6 c                                       1.4066107
    23   6 c       34   6 c                                       1.3946892
    34   6 c       35   6 c                                       1.4001390
    23   6 c       36   6 c                                       1.4283931
    25   6 c       36   6 c                                       1.3931307
    36   6 c       37   6 c                                       1.4311059
    25   6 c       38   6 c                                       1.4730494
    38   6 c       39   6 c                                       1.4747403 (max)
    29   6 c       42   6 c                                       1.4071519
    31   6 c       42   6 c                                       1.4078030
    42   6 c       43   6 c                                       1.4267134
    31   6 c       44   6 c                                       1.4284696
    33   6 c       44   6 c                                       1.3912698
    44   6 c       45   6 c                                       1.4150400
    35   6 c       46   6 c                                       1.4082951
    27   1 h       47   6 c                                       1.0805672
    46   6 c       47   6 c                                       1.3797151
    35   6 c       48   6 c                                       1.4303526
    37   6 c       48   6 c                                       1.3964819
    48   6 c       49   6 c                                       1.4326531
    37   6 c       50   6 c                                       1.4355453
    39   6 c       50   6 c                                       1.3779442
    50   6 c       51   6 c                                       1.4344806
    39   6 c       52   6 c                                       1.4162245
    41   6 c       52   6 c                                       1.4190852
    41   6 c       54   6 c                                       1.4099521
    43   6 c       54   6 c                                       1.4122803
    54   6 c       55   6 c                                       1.4347897
    43   6 c       56   6 c                                       1.4221496
    45   6 c       56   6 c                                       1.3828406
    47   6 c       58   6 c                                       1.3844489
    49   6 c       58   6 c                                       1.4036632
    49   6 c       59   6 c                                       1.4038938
    51   6 c       59   6 c                                       1.3935221
    51   6 c       60   6 c                                       1.4080319
    53   6 c       60   6 c                                       1.3928753
    53   6 c       61   6 c                                       1.4166010
    55   6 c       61   6 c                                       1.3767939
    55   6 c       62   6 c                                       1.4339830
    57   6 c       62   6 c                                       1.3486868
    21   6 c       63   1 h                                       1.0803454
    33   6 c       64   1 h                                       1.0810662
    45   6 c       65   1 h                                       1.0811669
    57   6 c       66   1 h                                       1.0810003
    10   6 c       67   1 h                                       1.0809911
    22   6 c       68   1 h                                       1.0814563
    34   6 c       69   1 h                                       1.0812076
    46   6 c       70   1 h                                       1.0803866
     5   6 c       71   1 h                                       1.0810305
     6   6 c       72   1 h                                       1.0816922
     7   6 c       73   1 h                                       1.0810257
     8   6 c       74   1 h                                       1.0813401
     9   6 c       75   1 h                                       1.0802770
    58   6 c       76   1 h                                       1.0804677
    59   6 c       77   1 h                                       1.0812628
    60   6 c       78   1 h                                       1.0814032
    61   6 c       79   1 h                                       1.0816178
    62   6 c       80   1 h                                       1.0811276
    20   6 c       81   1 h                                       1.0806170
    26   6 c       82   1 h                                       1.0690145
    38   6 c       83   1 h                                       1.0944998
    40   6 c       84   8 o                                       1.2331825
    38   6 c       85   1 h                                       1.0877835

 * 4 distinct bonds (by element types)

   Z      Z             #   av. dist./Å        max./Å        min./Å
   1 H    6 C          23     1.0813629     1.0944998     1.0690145
   6 C    6 C          65     1.4084980     1.4747403     1.3481672
   1 H    7 N           3     1.0125724     1.0125744     1.0125709
   6 C    8 O           1     1.2331825     1.2331825     1.2331825


           -------------------------------------------------
          | TOTAL ENERGY             -142.416894082954 Eh   |
          | GRADIENT NORM               0.000230979484 Eh/α |
          | HOMO-LUMO GAP               0.250637895017 eV   |
           -------------------------------------------------
