command:  'xtb interaction --opt'
date:     2025/01/15 at 17:23:23.935     
           -------------------------------------------------
          |                Property Printout                |
           -------------------------------------------------

    * Orbital Energies and Occupations

         #    Occupation            Energy/Eh            Energy/eV
      -------------------------------------------------------------
         1        2.0000           -0.6610126             -17.9871
       ...           ...                  ...                  ...
       118        2.0000           -0.4060763             -11.0499
       119        2.0000           -0.4019493             -10.9376
       120        2.0000           -0.4006738             -10.9029
       121        2.0000           -0.3957319             -10.7684
       122        2.0000           -0.3943567             -10.7310
       123        2.0000           -0.3919649             -10.6659
       124        2.0000           -0.3884184             -10.5694
       125        2.0000           -0.3852341             -10.4828
       126        2.0000           -0.3850494             -10.4777
       127        2.0000           -0.3845561             -10.4643
       128        2.0000           -0.3677325             -10.0065
       129        2.0000           -0.3445558              -9.3758
       130        1.9949           -0.3298178              -8.9748 (HOMO)
       131        0.0051           -0.3184919              -8.6666 (LUMO)
       132                         -0.3024064              -8.2289
       133                         -0.2753845              -7.4936
       134                         -0.2530890              -6.8869
       135                         -0.2519038              -6.8547
       136                         -0.2406667              -6.5489
       137                         -0.2371089              -6.4521
       138                         -0.2306546              -6.2764
       139                         -0.2232531              -6.0750
       140                         -0.2201210              -5.9898
       141                         -0.2140033              -5.8233
       ...                                ...                  ...
       259                          0.7777143              21.1627
      -------------------------------------------------------------
                  HL-Gap            0.0113258 Eh            0.3082 eV
             Fermi-level           -0.3241548 Eh           -8.8207 eV

     #   Z          covCN         q      C6AA      α(0)
     1   7 n        2.580    -0.428    31.190     8.294
     2   1 h        0.860     0.143     1.452     1.887
     3   1 h        0.860     0.143     1.451     1.887
     4   1 h        0.860     0.143     1.451     1.887
     5   6 c        2.912    -0.035    28.878     8.812
     6   6 c        2.921    -0.044    29.082     8.844
     7   6 c        2.922    -0.044    29.099     8.846
     8   6 c        2.922    -0.044    29.104     8.847
     9   6 c        2.919    -0.037    28.918     8.818
    10   6 c        2.912    -0.035    28.879     8.812
    11   6 c        2.975     0.011    27.755     8.642
    12   6 c        2.975     0.012    27.752     8.641
    13   6 c        2.992     0.001    27.989     8.678
    14   6 c        2.973     0.011    27.759     8.642
    15   6 c        2.993    -0.000    28.022     8.683
    16   6 c        2.973     0.012    27.754     8.641
    17   6 c        2.994    -0.000    28.027     8.684
    18   6 c        2.976     0.013    27.723     8.637
    19   6 c        2.998     0.001    27.986     8.678
    20   6 c        2.910    -0.028    28.712     8.786
    21   6 c        2.920    -0.037    28.917     8.818
    22   6 c        2.921    -0.043    29.080     8.843
    23   6 c        2.973     0.011    27.767     8.643
    24   6 c        2.992     0.001    27.989     8.678
    25   6 c        2.989     0.000    28.019     8.683
    26   6 c        2.989     0.000    28.019     8.683
    27   6 c        2.991    -0.001    28.043     8.687
    28   6 c        2.989     0.001    28.008     8.681
    29   6 c        2.991    -0.001    28.052     8.688
    30   6 c        2.988     0.002    27.983     8.677
    31   6 c        2.994    -0.000    28.029     8.685
    32   6 c        2.976     0.013    27.727     8.637
    33   6 c        2.922    -0.044    29.093     8.845
    34   6 c        2.922    -0.044    29.098     8.846
    35   6 c        2.976     0.013    27.730     8.638
    36   6 c        2.994    -0.001    28.032     8.685
    37   6 c        2.988     0.002    27.985     8.678
    38   6 c        2.991    -0.001    28.054     8.688
    39   6 c        2.989     0.000    28.008     8.681
    40   6 c        2.991    -0.001    28.043     8.687
    41   6 c        2.989     0.000    28.018     8.683
    42   6 c        2.989     0.000    28.017     8.683
    43   6 c        2.992     0.001    27.985     8.678
    44   6 c        2.973     0.011    27.764     8.643
    45   6 c        2.921    -0.043    29.076     8.843
    46   6 c        2.920    -0.037    28.923     8.819
    47   6 c        2.910    -0.029    28.714     8.787
    48   6 c        2.998     0.001    27.989     8.678
    49   6 c        2.976     0.013    27.725     8.637
    50   6 c        2.994    -0.000    28.028     8.684
    51   6 c        2.973     0.011    27.755     8.642
    52   6 c        2.993    -0.000    28.022     8.683
    53   6 c        2.973     0.011    27.758     8.642
    54   6 c        2.992     0.001    27.987     8.678
    55   6 c        2.975     0.012    27.748     8.641
    56   6 c        2.975     0.012    27.751     8.641
    57   6 c        2.912    -0.035    28.874     8.811
    58   6 c        2.919    -0.037    28.923     8.819
    59   6 c        2.922    -0.045    29.109     8.848
    60   6 c        2.922    -0.044    29.101     8.846
    61   6 c        2.921    -0.044    29.081     8.843
    62   6 c        2.912    -0.035    28.874     8.811
    63   1 h        0.926     0.031     2.578     2.511
    64   1 h        0.926     0.031     2.566     2.505
    65   1 h        0.925     0.031     2.567     2.506
    66   1 h        0.926     0.031     2.576     2.510
    67   1 h        0.926     0.030     2.581     2.512
    68   1 h        0.925     0.031     2.572     2.508
    69   1 h        0.926     0.031     2.571     2.507
    70   1 h        0.926     0.030     2.583     2.513
    71   1 h        0.926     0.030     2.581     2.512
    72   1 h        0.925     0.031     2.572     2.508
    73   1 h        0.925     0.031     2.569     2.506
    74   1 h        0.925     0.031     2.567     2.505
    75   1 h        0.926     0.031     2.578     2.511
    76   1 h        0.926     0.030     2.581     2.512
    77   1 h        0.925     0.031     2.569     2.506
    78   1 h        0.925     0.031     2.569     2.507
    79   1 h        0.925     0.031     2.569     2.506
    80   1 h        0.926     0.031     2.576     2.510
    81   1 h        0.926     0.030     2.592     2.517
    82   1 h        0.926     0.029     2.595     2.519

 Mol. C6AA /au·bohr⁶  :     122263.204062
 Mol. C8AA /au·bohr⁸  :    3271919.327331
 Mol. α(0) /au        :        570.033437


Wiberg/Mayer (AO) data.
largest (>0.10) Wiberg bond orders for each atom

 ---------------------------------------------------------------------------
     #   Z sym  total        # sym  WBO       # sym  WBO       # sym  WBO
 ---------------------------------------------------------------------------
     1   7 n    2.937 --     2 h    0.979     4 h    0.979     3 h    0.979
     2   1 h    0.980 --     1 n    0.979
     3   1 h    0.980 --     1 n    0.979
     4   1 h    0.980 --     1 n    0.979
     5   6 c    3.971 --    10 c    1.695    12 c    1.166    71 h    0.967
     6   6 c    3.881 --    12 c    1.485    14 c    1.240    72 h    0.966
     7   6 c    3.821 --    14 c    1.407    16 c    1.281    73 h    0.967
     8   6 c    3.802 --    16 c    1.360    18 c    1.315    74 h    0.967
     9   6 c    3.843 --    20 c    1.455    18 c    1.290    75 h    0.970
    10   6 c    3.970 --     5 c    1.695    11 c    1.165    67 h    0.967
    11   6 c    3.980 --    22 c    1.483    24 c    1.176    10 c    1.165
    12   6 c    3.977 --     6 c    1.485    13 c    1.173     5 c    1.166
    13   6 c    3.951 --    24 c    1.338    26 c    1.230    12 c    1.173
    14   6 c    3.981 --     7 c    1.407     6 c    1.240    15 c    1.180
    15   6 c    3.948 --    26 c    1.304    28 c    1.244    14 c    1.180
    16   6 c    3.985 --     8 c    1.360     7 c    1.281    17 c    1.186
    17   6 c    3.945 --    28 c    1.292    30 c    1.247    16 c    1.186
    18   6 c    3.986 --     8 c    1.315     9 c    1.290    19 c    1.219
    19   6 c    3.947 --    30 c    1.280    32 c    1.226    18 c    1.219
    20   6 c    3.985 --     9 c    1.455    21 c    1.438    81 h    0.970
    21   6 c    3.838 --    20 c    1.438    32 c    1.304    63 h    0.970
    22   6 c    3.876 --    11 c    1.483    23 c    1.240    68 h    0.966
    23   6 c    3.986 --    34 c    1.396    22 c    1.240    36 c    1.190
    24   6 c    3.945 --    13 c    1.338    25 c    1.225    11 c    1.176
    25   6 c    3.976 --    36 c    1.299    38 c    1.232    24 c    1.225
    26   6 c    3.968 --    15 c    1.304    13 c    1.230    27 c    1.220
    27   6 c    3.974 --    38 c    1.289    40 c    1.238    26 c    1.220
    28   6 c    3.980 --    17 c    1.292    15 c    1.244    29 c    1.222
    29   6 c    3.964 --    40 c    1.289    42 c    1.232    28 c    1.222
    30   6 c    3.986 --    19 c    1.280    17 c    1.247    31 c    1.239
    31   6 c    3.945 --    42 c    1.299    30 c    1.239    44 c    1.190
    32   6 c    3.986 --    21 c    1.304    33 c    1.293    19 c    1.226
    33   6 c    3.820 --    44 c    1.396    32 c    1.293    64 h    0.967
    34   6 c    3.820 --    23 c    1.396    35 c    1.293    69 h    0.967
    35   6 c    3.986 --    46 c    1.304    34 c    1.293    48 c    1.226
    36   6 c    3.945 --    25 c    1.299    37 c    1.239    23 c    1.190
    37   6 c    3.986 --    48 c    1.280    50 c    1.247    36 c    1.239
    38   6 c    3.964 --    27 c    1.289    25 c    1.232    39 c    1.222
    39   6 c    3.980 --    50 c    1.292    52 c    1.244    38 c    1.222
    40   6 c    3.974 --    29 c    1.289    27 c    1.238    41 c    1.220
    41   6 c    3.968 --    52 c    1.304    54 c    1.230    40 c    1.220
    42   6 c    3.976 --    31 c    1.299    29 c    1.232    43 c    1.225
    43   6 c    3.945 --    54 c    1.338    42 c    1.225    56 c    1.176
    44   6 c    3.986 --    33 c    1.396    45 c    1.240    31 c    1.190
    45   6 c    3.876 --    56 c    1.483    44 c    1.240    65 h    0.966
    46   6 c    3.838 --    47 c    1.438    35 c    1.304    70 h    0.970
    47   6 c    3.985 --    58 c    1.455    46 c    1.438    82 h    0.970
    48   6 c    3.947 --    37 c    1.280    35 c    1.226    49 c    1.219
    49   6 c    3.986 --    59 c    1.315    58 c    1.290    48 c    1.219
    50   6 c    3.945 --    39 c    1.292    37 c    1.247    51 c    1.186
    51   6 c    3.985 --    59 c    1.360    60 c    1.281    50 c    1.186
    52   6 c    3.948 --    41 c    1.304    39 c    1.244    53 c    1.180
    53   6 c    3.981 --    60 c    1.407    61 c    1.240    52 c    1.180
    54   6 c    3.951 --    43 c    1.338    41 c    1.230    55 c    1.173
    55   6 c    3.977 --    61 c    1.485    54 c    1.173    62 c    1.166
    56   6 c    3.980 --    45 c    1.483    43 c    1.176    57 c    1.165
    57   6 c    3.970 --    62 c    1.695    56 c    1.165    66 h    0.967
    58   6 c    3.843 --    47 c    1.455    49 c    1.290    76 h    0.970
    59   6 c    3.802 --    51 c    1.360    49 c    1.315    77 h    0.967
    60   6 c    3.821 --    53 c    1.407    51 c    1.281    78 h    0.967
    61   6 c    3.881 --    55 c    1.485    53 c    1.240    79 h    0.966
    62   6 c    3.971 --    57 c    1.695    55 c    1.166    80 h    0.967
    63   1 h    0.998 --    21 c    0.970
    64   1 h    0.998 --    33 c    0.967
    65   1 h    0.998 --    45 c    0.966
    66   1 h    0.998 --    57 c    0.967
    67   1 h    0.998 --    10 c    0.967
    68   1 h    0.998 --    22 c    0.966
    69   1 h    0.998 --    34 c    0.967
    70   1 h    0.998 --    46 c    0.970
    71   1 h    0.998 --     5 c    0.967
    72   1 h    0.998 --     6 c    0.966
    73   1 h    0.998 --     7 c    0.967
    74   1 h    0.998 --     8 c    0.967
    75   1 h    0.998 --     9 c    0.970
    76   1 h    0.998 --    58 c    0.970
    77   1 h    0.998 --    59 c    0.967
    78   1 h    0.998 --    60 c    0.967
    79   1 h    0.998 --    61 c    0.966
    80   1 h    0.998 --    62 c    0.967
    81   1 h    0.998 --    20 c    0.970
    82   1 h    0.998 --    47 c    0.970
 ---------------------------------------------------------------------------

Topologies differ in total number of bonds
Writing topology from bond orders to xtbtopo.mol

molecular dipole:
                 x           y           z       tot (Debye)
 q only:        0.039      -0.219       0.105
   full:        0.128      -0.587       0.247       1.651
molecular quadrupole (traceless):
                xx          xy          yy          xz          yz          zz
 q only:        5.020       1.289       6.495      -1.238       1.937     -11.515
  q+dip:       21.829       2.113      20.749      -1.847       2.420     -42.578
   full:        9.929       3.021       9.407      -1.877       2.543     -19.336

           -------------------------------------------------
          |                Geometry Summary                 |
           -------------------------------------------------

      molecular mass/u    :      733.8120227
   center of mass at/Å    :        3.5726502       5.5686247       9.7683027
  moments of inertia/u·Å² :        0.7874129E+04   0.1614124E+05   0.2125293E+05
rotational constants/cm⁻¹ :        0.2140889E-02   0.1044383E-02   0.7931910E-03

 * 98 selected distances

     #   Z          #   Z                                           value/Å
     1   7 n        2   1 h                                       1.0125709 (min)
     1   7 n        3   1 h                                       1.0125720
     1   7 n        4   1 h                                       1.0125744
     5   6 c       10   6 c                                       1.3478959
     5   6 c       12   6 c                                       1.4340634 (max)
     6   6 c       12   6 c                                       1.3740128
    12   6 c       13   6 c                                       1.4328606
     6   6 c       14   6 c                                       1.4170936
     7   6 c       14   6 c                                       1.3861078
    14   6 c       15   6 c                                       1.4311896
     7   6 c       16   6 c                                       1.4088521
     8   6 c       16   6 c                                       1.3937682
    16   6 c       17   6 c                                       1.4299955
     8   6 c       18   6 c                                       1.4022015
     9   6 c       18   6 c                                       1.4076547
    18   6 c       19   6 c                                       1.4236366
     9   6 c       20   6 c                                       1.3803636
    20   6 c       21   6 c                                       1.3830538
    11   6 c       22   6 c                                       1.3742801
    22   6 c       23   6 c                                       1.4169694
    11   6 c       24   6 c                                       1.4320855
    13   6 c       24   6 c                                       1.3976046
    24   6 c       25   6 c                                       1.4200295
    13   6 c       26   6 c                                       1.4187584
    15   6 c       26   6 c                                       1.4032860
    26   6 c       27   6 c                                       1.4204729
    15   6 c       28   6 c                                       1.4156020
    17   6 c       28   6 c                                       1.4055338
    28   6 c       29   6 c                                       1.4201846
    17   6 c       30   6 c                                       1.4153332
    19   6 c       30   6 c                                       1.4086970
    30   6 c       31   6 c                                       1.4173351
    19   6 c       32   6 c                                       1.4221285
    21   6 c       32   6 c                                       1.4049869
    32   6 c       33   6 c                                       1.4064029
    23   6 c       34   6 c                                       1.3877444
    34   6 c       35   6 c                                       1.4064097
    23   6 c       36   6 c                                       1.4288862
    25   6 c       36   6 c                                       1.4041836
    36   6 c       37   6 c                                       1.4173328
    25   6 c       38   6 c                                       1.4176853
    27   6 c       38   6 c                                       1.4055163
    38   6 c       39   6 c                                       1.4201846
    27   6 c       40   6 c                                       1.4160345
    29   6 c       40   6 c                                       1.4055112
    40   6 c       41   6 c                                       1.4204680
    29   6 c       42   6 c                                       1.4176853
    31   6 c       42   6 c                                       1.4041836
    42   6 c       43   6 c                                       1.4200295
    31   6 c       44   6 c                                       1.4289082
    33   6 c       44   6 c                                       1.3877434
    44   6 c       45   6 c                                       1.4169603
    35   6 c       46   6 c                                       1.4049773
    46   6 c       47   6 c                                       1.3830249
    35   6 c       48   6 c                                       1.4221055
    37   6 c       48   6 c                                       1.4086992
    48   6 c       49   6 c                                       1.4236415
    37   6 c       50   6 c                                       1.4153332
    39   6 c       50   6 c                                       1.4055304
    50   6 c       51   6 c                                       1.4300038
    39   6 c       52   6 c                                       1.4156020
    41   6 c       52   6 c                                       1.4032860
    52   6 c       53   6 c                                       1.4311926
    41   6 c       54   6 c                                       1.4187584
    43   6 c       54   6 c                                       1.3976046
    54   6 c       55   6 c                                       1.4328606
    43   6 c       56   6 c                                       1.4321105
    45   6 c       56   6 c                                       1.3742691
    47   6 c       58   6 c                                       1.3803616
    49   6 c       58   6 c                                       1.4076515
    49   6 c       59   6 c                                       1.4021915
    51   6 c       59   6 c                                       1.3937735
    51   6 c       60   6 c                                       1.4088421
    53   6 c       60   6 c                                       1.3861149
    53   6 c       61   6 c                                       1.4170936
    55   6 c       61   6 c                                       1.3740063
    55   6 c       62   6 c                                       1.4340344
    57   6 c       62   6 c                                       1.3478938
    21   6 c       63   1 h                                       1.0802251
    33   6 c       64   1 h                                       1.0811058
    45   6 c       65   1 h                                       1.0814011
    57   6 c       66   1 h                                       1.0810225
    10   6 c       67   1 h                                       1.0810093
    22   6 c       68   1 h                                       1.0813939
    34   6 c       69   1 h                                       1.0811603
    46   6 c       70   1 h                                       1.0802477
     5   6 c       71   1 h                                       1.0811326
     6   6 c       72   1 h                                       1.0815464
     7   6 c       73   1 h                                       1.0813220
     8   6 c       74   1 h                                       1.0812662
     9   6 c       75   1 h                                       1.0802816
    58   6 c       76   1 h                                       1.0802865
    59   6 c       77   1 h                                       1.0812449
    60   6 c       78   1 h                                       1.0813220
    61   6 c       79   1 h                                       1.0815395
    62   6 c       80   1 h                                       1.0811629
    20   6 c       81   1 h                                       1.0808913
    47   6 c       82   1 h                                       1.0809121

 * 3 distinct bonds (by element types)

   Z      Z             #   av. dist./Å        max./Å        min./Å
   1 H    6 C          20     1.0810237     1.0815464     1.0802251
   6 C    6 C          75     1.4081183     1.4340634     1.3478938
   1 H    7 N           3     1.0125724     1.0125744     1.0125709


           -------------------------------------------------
          | TOTAL ENERGY             -139.144304122006 Eh   |
          | GRADIENT NORM               0.000748746197 Eh/α |
          | HOMO-LUMO GAP               0.308192036699 eV   |
           -------------------------------------------------
