command:  'xtb gas --opt'
date:     2025/01/15 at 17:23:08.459     
           -------------------------------------------------
          |                Property Printout                |
           -------------------------------------------------

    * Orbital Energies and Occupations

         #    Occupation            Energy/Eh            Energy/eV
      -------------------------------------------------------------
         1        2.0000           -0.8108553             -22.0645
         2        2.0000           -0.7967107             -21.6796
         3        2.0000           -0.6648123             -18.0905
         4        2.0000           -0.6635225             -18.0554
         5        2.0000           -0.6635225             -18.0554
         6        2.0000           -0.5998121             -16.3217
         7        2.0000           -0.5344444             -14.5430
         8        2.0000           -0.5344443             -14.5430 (HOMO)
         9                         -0.2237783              -6.0893 (LUMO)
        10                         -0.2237782              -6.0893
        11                          0.3106076               8.4521
        12                          1.3658140              37.1657
      -------------------------------------------------------------
                  HL-Gap            0.3106661 Eh            8.4537 eV
             Fermi-level           -0.3791113 Eh          -10.3161 eV

     #   Z          covCN         q      C6AA      α(0)
     1   6 c        1.711     0.464    21.599     7.524
     2   8 o        0.856    -0.232    18.601     5.782
     3   8 o        0.856    -0.232    18.599     5.782

 Mol. C6AA /au·bohr⁶  :        174.800478
 Mol. C8AA /au·bohr⁸  :       4029.878292
 Mol. α(0) /au        :         19.088378


Wiberg/Mayer (AO) data.
largest (>0.10) Wiberg bond orders for each atom

 ---------------------------------------------------------------------------
     #   Z sym  total        # sym  WBO       # sym  WBO       # sym  WBO
 ---------------------------------------------------------------------------
     1   6 c    3.936 --     3 o    1.968     2 o    1.968
     2   8 o    2.370 --     1 c    1.968     3 o    0.402
     3   8 o    2.370 --     1 c    1.968     2 o    0.402
 ---------------------------------------------------------------------------

Topologies differ in total number of bonds
Writing topology from bond orders to xtbtopo.mol

molecular dipole:
                 x           y           z       tot (Debye)
 q only:        0.000       0.000       0.000
   full:        0.000       0.001       0.000       0.002
molecular quadrupole (traceless):
                xx          xy          yy          xz          yz          zz
 q only:       -1.001      -1.513      -0.010       0.388       0.283       1.011
  q+dip:       -1.434      -2.169      -0.015       0.556       0.406       1.449
   full:       -2.011      -3.042      -0.022       0.781       0.569       2.033

           -------------------------------------------------
          |                Geometry Summary                 |
           -------------------------------------------------

      molecular mass/u    :       44.0095457
   center of mass at/Å    :       -1.9996284       0.8811053      -0.0786952
  moments of inertia/u·Å² :        0.1600830E-05   0.4183713E+02   0.4183713E+02
rotational constants/cm⁻¹ :        0.1053056E+08   0.4029347E+00   0.4029347E+00

 * 2 selected distances

     #   Z          #   Z                                           value/Å
     1   6 c        2   8 o                                       1.1434989 (max)
     1   6 c        3   8 o                                       1.1433848 (min)

 * 1 distinct bonds (by element types)

   Z      Z             #   av. dist./Å        max./Å        min./Å
   6 C    8 O           2     1.1434418     1.1434989     1.1433848


           -------------------------------------------------
          | TOTAL ENERGY              -10.308452044289 Eh   |
          | GRADIENT NORM               0.000758275867 Eh/α |
          | HOMO-LUMO GAP               8.453654338833 eV   |
           -------------------------------------------------
